<?xml version="1.0" encoding="utf-8" standalone="no"?>
<test-results xmlns:xsi="http://www.w3.org/2001/XMLSchema-instance" xsi:noNamespaceSchemaLocation="nunit_schema_2.5.xsd" name="Pester" total="4" errors="0" failures="0" not-run="0" inconclusive="0" ignored="0" skipped="0" invalid="0" date="2018-09-24" time="16:33:40">
  <environment user="sander" machine-name="STADPC" cwd="Development:\PowerShell\PSDatabaseClone" user-domain="STADPC" platform="Microsoft Windows 10 Pro|C:\WINDOWS|\Device\Harddisk0\Partition4" nunit-version="2.5.8.0" os-version="10.0.17134" clr-version="4.0.30319.42000" />
  <culture-info current-culture="en-US" current-uiculture="en-US" />
  <test-suite type="TestFixture" name="Pester" executed="True" result="Success" success="True" time="15.0636" asserts="0" description="Pester">
    <results>
      <test-suite type="TestFixture" name="C:\Users\sande\OneDrive\_Development\PowerShell\PSDatabaseClone\PSDatabaseClone\tests\functions\New-PSDCImage.Tests.ps1" executed="True" result="Success" success="True" time="15.0636" asserts="0" description="C:\Users\sande\OneDrive\_Development\PowerShell\PSDatabaseClone\PSDatabaseClone\tests\functions\New-PSDCImage.Tests.ps1">
        <results>
          <test-suite type="TestFixture" name="New-PSDCImage Unit Tests" executed="True" result="Success" success="True" time="15.0636" asserts="0" description="New-PSDCImage Unit Tests">
            <results>
              <test-suite type="TestFixture" name="Create image with defaults and a new backup" executed="True" result="Success" success="True" time="8.5726" asserts="0" description="Create image with defaults and a new backup">
                <results>
                  <test-case description="Image object cannot be null" name="New-PSDCImage Unit Tests.Create image with defaults and a new backup.Image object cannot be null" time="8.5506" asserts="0" success="True" result="Success" executed="True" />
                  <test-case description="Image Path Should exist" name="New-PSDCImage Unit Tests.Create image with defaults and a new backup.Image Path Should exist" time="0.022" asserts="0" success="True" result="Success" executed="True" />
                </results>
              </test-suite>
              <test-suite type="TestFixture" name="Create image with defaults and an existing backup" executed="True" result="Success" success="True" time="6.491" asserts="0" description="Create image with defaults and an existing backup">
                <results>
                  <test-case description="Image object cannot be null" name="New-PSDCImage Unit Tests.Create image with defaults and an existing backup.Image object cannot be null" time="6.4716" asserts="0" success="True" result="Success" executed="True" />
                  <test-case description="Image Path Should exist" name="New-PSDCImage Unit Tests.Create image with defaults and an existing backup.Image Path Should exist" time="0.0194" asserts="0" success="True" result="Success" executed="True" />
                </results>
              </test-suite>
            </results>
          </test-suite>
        </results>
      </test-suite>
    </results>
  </test-suite>
</test-results>