<?xml version="1.0" encoding="utf-8" standalone="no"?>
<test-results xmlns:xsi="http://www.w3.org/2001/XMLSchema-instance" xsi:noNamespaceSchemaLocation="nunit_schema_2.5.xsd" name="Pester" total="32" errors="0" failures="0" not-run="0" inconclusive="0" ignored="0" skipped="0" invalid="0" date="2018-09-24" time="16:33:02">
  <environment user="sander" machine-name="STADPC" cwd="Development:\PowerShell\PSDatabaseClone" user-domain="STADPC" platform="Microsoft Windows 10 Pro|C:\WINDOWS|\Device\Harddisk0\Partition4" nunit-version="2.5.8.0" os-version="10.0.17134" clr-version="4.0.30319.42000" />
  <culture-info current-culture="en-US" current-uiculture="en-US" />
  <test-suite type="TestFixture" name="Pester" executed="True" result="Success" success="True" time="2.2767" asserts="0" description="Pester">
    <results>
      <test-suite type="TestFixture" name="C:\Users\sande\OneDrive\_Development\PowerShell\PSDatabaseClone\PSDatabaseClone\tests\general\Help.Tests.ps1" executed="True" result="Success" success="True" time="2.2767" asserts="0" description="C:\Users\sande\OneDrive\_Development\PowerShell\PSDatabaseClone\PSDatabaseClone\tests\general\Help.Tests.ps1">
        <results>
          <test-suite type="TestFixture" name="Test help for Convert-PSDCLocalUncPathToLocalPath" executed="True" result="Success" success="True" time="0.1871" asserts="0" description="Test help for Convert-PSDCLocalUncPathToLocalPath">
            <results>
              <test-suite type="TestFixture" name="Test parameter help for Convert-PSDCLocalUncPathToLocalPath" executed="True" result="Success" success="True" time="0.0426" asserts="0" description="Test parameter help for Convert-PSDCLocalUncPathToLocalPath">
                <results>
                  <test-case description="Ran silently 8 tests" name="Test help for Convert-PSDCLocalUncPathToLocalPath.Test parameter help for Convert-PSDCLocalUncPathToLocalPath.Ran silently 8 tests" time="0.0426" asserts="0" success="True" result="Success" executed="True" />
                </results>
              </test-suite>
              <test-case description="Ran silently 4 tests" name="Test help for Convert-PSDCLocalUncPathToLocalPath.Ran silently 4 tests" time="0.1446" asserts="0" success="True" result="Success" executed="True" />
            </results>
          </test-suite>
          <test-suite type="TestFixture" name="Test help for Get-PSDCClone" executed="True" result="Success" success="True" time="0.13" asserts="0" description="Test help for Get-PSDCClone">
            <results>
              <test-suite type="TestFixture" name="Test parameter help for Get-PSDCClone" executed="True" result="Success" success="True" time="0.0328" asserts="0" description="Test parameter help for Get-PSDCClone">
                <results>
                  <test-case description="Ran silently 32 tests" name="Test help for Get-PSDCClone.Test parameter help for Get-PSDCClone.Ran silently 32 tests" time="0.0328" asserts="0" success="True" result="Success" executed="True" />
                </results>
              </test-suite>
              <test-case description="Ran silently 4 tests" name="Test help for Get-PSDCClone.Ran silently 4 tests" time="0.0972" asserts="0" success="True" result="Success" executed="True" />
            </results>
          </test-suite>
          <test-suite type="TestFixture" name="Test help for Get-PSDCImage" executed="True" result="Success" success="True" time="0.1509" asserts="0" description="Test help for Get-PSDCImage">
            <results>
              <test-suite type="TestFixture" name="Test parameter help for Get-PSDCImage" executed="True" result="Success" success="True" time="0.0304" asserts="0" description="Test parameter help for Get-PSDCImage">
                <results>
                  <test-case description="Ran silently 28 tests" name="Test help for Get-PSDCImage.Test parameter help for Get-PSDCImage.Ran silently 28 tests" time="0.0304" asserts="0" success="True" result="Success" executed="True" />
                </results>
              </test-suite>
              <test-case description="Ran silently 4 tests" name="Test help for Get-PSDCImage.Ran silently 4 tests" time="0.1205" asserts="0" success="True" result="Success" executed="True" />
            </results>
          </test-suite>
          <test-suite type="TestFixture" name="Test help for Initialize-PSDCVhdDisk" executed="True" result="Success" success="True" time="0.1201" asserts="0" description="Test help for Initialize-PSDCVhdDisk">
            <results>
              <test-suite type="TestFixture" name="Test parameter help for Initialize-PSDCVhdDisk" executed="True" result="Success" success="True" time="0.0305" asserts="0" description="Test parameter help for Initialize-PSDCVhdDisk">
                <results>
                  <test-case description="Ran silently 28 tests" name="Test help for Initialize-PSDCVhdDisk.Test parameter help for Initialize-PSDCVhdDisk.Ran silently 28 tests" time="0.0305" asserts="0" success="True" result="Success" executed="True" />
                </results>
              </test-suite>
              <test-case description="Ran silently 4 tests" name="Test help for Initialize-PSDCVhdDisk.Ran silently 4 tests" time="0.0896" asserts="0" success="True" result="Success" executed="True" />
            </results>
          </test-suite>
          <test-suite type="TestFixture" name="Test help for Invoke-PSDCDataMasking" executed="True" result="Success" success="True" time="0.1237" asserts="0" description="Test help for Invoke-PSDCDataMasking">
            <results>
              <test-suite type="TestFixture" name="Test parameter help for Invoke-PSDCDataMasking" executed="True" result="Success" success="True" time="0.032" asserts="0" description="Test parameter help for Invoke-PSDCDataMasking">
                <results>
                  <test-case description="Ran silently 32 tests" name="Test help for Invoke-PSDCDataMasking.Test parameter help for Invoke-PSDCDataMasking.Ran silently 32 tests" time="0.032" asserts="0" success="True" result="Success" executed="True" />
                </results>
              </test-suite>
              <test-case description="Ran silently 4 tests" name="Test help for Invoke-PSDCDataMasking.Ran silently 4 tests" time="0.0917" asserts="0" success="True" result="Success" executed="True" />
            </results>
          </test-suite>
          <test-suite type="TestFixture" name="Test help for Invoke-PSDCRepairClone" executed="True" result="Success" success="True" time="0.1338" asserts="0" description="Test help for Invoke-PSDCRepairClone">
            <results>
              <test-suite type="TestFixture" name="Test parameter help for Invoke-PSDCRepairClone" executed="True" result="Success" success="True" time="0.034" asserts="0" description="Test parameter help for Invoke-PSDCRepairClone">
                <results>
                  <test-case description="Ran silently 28 tests" name="Test help for Invoke-PSDCRepairClone.Test parameter help for Invoke-PSDCRepairClone.Ran silently 28 tests" time="0.034" asserts="0" success="True" result="Success" executed="True" />
                </results>
              </test-suite>
              <test-case description="Ran silently 4 tests" name="Test help for Invoke-PSDCRepairClone.Ran silently 4 tests" time="0.0999" asserts="0" success="True" result="Success" executed="True" />
            </results>
          </test-suite>
          <test-suite type="TestFixture" name="Test help for New-PSDCClone" executed="True" result="Success" success="True" time="0.152" asserts="0" description="Test help for New-PSDCClone">
            <results>
              <test-suite type="TestFixture" name="Test parameter help for New-PSDCClone" executed="True" result="Success" success="True" time="0.0483" asserts="0" description="Test parameter help for New-PSDCClone">
                <results>
                  <test-case description="Ran silently 56 tests" name="Test help for New-PSDCClone.Test parameter help for New-PSDCClone.Ran silently 56 tests" time="0.0483" asserts="0" success="True" result="Success" executed="True" />
                </results>
              </test-suite>
              <test-case description="Ran silently 4 tests" name="Test help for New-PSDCClone.Ran silently 4 tests" time="0.1037" asserts="0" success="True" result="Success" executed="True" />
            </results>
          </test-suite>
          <test-suite type="TestFixture" name="Test help for New-PSDCImage" executed="True" result="Success" success="True" time="0.1488" asserts="0" description="Test help for New-PSDCImage">
            <results>
              <test-suite type="TestFixture" name="Test parameter help for New-PSDCImage" executed="True" result="Success" success="True" time="0.0379" asserts="0" description="Test parameter help for New-PSDCImage">
                <results>
                  <test-case description="Ran silently 76 tests" name="Test help for New-PSDCImage.Test parameter help for New-PSDCImage.Ran silently 76 tests" time="0.0379" asserts="0" success="True" result="Success" executed="True" />
                </results>
              </test-suite>
              <test-case description="Ran silently 4 tests" name="Test help for New-PSDCImage.Ran silently 4 tests" time="0.1109" asserts="0" success="True" result="Success" executed="True" />
            </results>
          </test-suite>
          <test-suite type="TestFixture" name="Test help for New-PSDCMaskingConfiguration" executed="True" result="Success" success="True" time="0.1369" asserts="0" description="Test help for New-PSDCMaskingConfiguration">
            <results>
              <test-suite type="TestFixture" name="Test parameter help for New-PSDCMaskingConfiguration" executed="True" result="Success" success="True" time="0.0305" asserts="0" description="Test parameter help for New-PSDCMaskingConfiguration">
                <results>
                  <test-case description="Ran silently 44 tests" name="Test help for New-PSDCMaskingConfiguration.Test parameter help for New-PSDCMaskingConfiguration.Ran silently 44 tests" time="0.0305" asserts="0" success="True" result="Success" executed="True" />
                </results>
              </test-suite>
              <test-case description="Ran silently 4 tests" name="Test help for New-PSDCMaskingConfiguration.Ran silently 4 tests" time="0.1064" asserts="0" success="True" result="Success" executed="True" />
            </results>
          </test-suite>
          <test-suite type="TestFixture" name="Test help for New-PSDCVhdDisk" executed="True" result="Success" success="True" time="0.1509" asserts="0" description="Test help for New-PSDCVhdDisk">
            <results>
              <test-suite type="TestFixture" name="Test parameter help for New-PSDCVhdDisk" executed="True" result="Success" success="True" time="0.0342" asserts="0" description="Test parameter help for New-PSDCVhdDisk">
                <results>
                  <test-case description="Ran silently 44 tests" name="Test help for New-PSDCVhdDisk.Test parameter help for New-PSDCVhdDisk.Ran silently 44 tests" time="0.0342" asserts="0" success="True" result="Success" executed="True" />
                </results>
              </test-suite>
              <test-case description="Ran silently 4 tests" name="Test help for New-PSDCVhdDisk.Ran silently 4 tests" time="0.1168" asserts="0" success="True" result="Success" executed="True" />
            </results>
          </test-suite>
          <test-suite type="TestFixture" name="Test help for Remove-PSDCClone" executed="True" result="Success" success="True" time="0.144" asserts="0" description="Test help for Remove-PSDCClone">
            <results>
              <test-suite type="TestFixture" name="Test parameter help for Remove-PSDCClone" executed="True" result="Success" success="True" time="0.0443" asserts="0" description="Test parameter help for Remove-PSDCClone">
                <results>
                  <test-case description="Ran silently 44 tests" name="Test help for Remove-PSDCClone.Test parameter help for Remove-PSDCClone.Ran silently 44 tests" time="0.0443" asserts="0" success="True" result="Success" executed="True" />
                </results>
              </test-suite>
              <test-case description="Ran silently 4 tests" name="Test help for Remove-PSDCClone.Ran silently 4 tests" time="0.0997" asserts="0" success="True" result="Success" executed="True" />
            </results>
          </test-suite>
          <test-suite type="TestFixture" name="Test help for Remove-PSDCImage" executed="True" result="Success" success="True" time="0.1438" asserts="0" description="Test help for Remove-PSDCImage">
            <results>
              <test-suite type="TestFixture" name="Test parameter help for Remove-PSDCImage" executed="True" result="Success" success="True" time="0.035" asserts="0" description="Test parameter help for Remove-PSDCImage">
                <results>
                  <test-case description="Ran silently 48 tests" name="Test help for Remove-PSDCImage.Test parameter help for Remove-PSDCImage.Ran silently 48 tests" time="0.035" asserts="0" success="True" result="Success" executed="True" />
                </results>
              </test-suite>
              <test-case description="Ran silently 4 tests" name="Test help for Remove-PSDCImage.Ran silently 4 tests" time="0.1088" asserts="0" success="True" result="Success" executed="True" />
            </results>
          </test-suite>
          <test-suite type="TestFixture" name="Test help for Set-PSDCConfiguration" executed="True" result="Success" success="True" time="0.1336" asserts="0" description="Test help for Set-PSDCConfiguration">
            <results>
              <test-suite type="TestFixture" name="Test parameter help for Set-PSDCConfiguration" executed="True" result="Success" success="True" time="0.0345" asserts="0" description="Test parameter help for Set-PSDCConfiguration">
                <results>
                  <test-case description="Ran silently 44 tests" name="Test help for Set-PSDCConfiguration.Test parameter help for Set-PSDCConfiguration.Ran silently 44 tests" time="0.0345" asserts="0" success="True" result="Success" executed="True" />
                </results>
              </test-suite>
              <test-case description="Ran silently 4 tests" name="Test help for Set-PSDCConfiguration.Ran silently 4 tests" time="0.0991" asserts="0" success="True" result="Success" executed="True" />
            </results>
          </test-suite>
          <test-suite type="TestFixture" name="Test help for Test-PSDCConfiguration" executed="True" result="Success" success="True" time="0.1374" asserts="0" description="Test help for Test-PSDCConfiguration">
            <results>
              <test-suite type="TestFixture" name="Test parameter help for Test-PSDCConfiguration" executed="True" result="Success" success="True" time="0.0324" asserts="0" description="Test parameter help for Test-PSDCConfiguration">
                <results>
                  <test-case description="Ran silently 16 tests" name="Test help for Test-PSDCConfiguration.Test parameter help for Test-PSDCConfiguration.Ran silently 16 tests" time="0.0324" asserts="0" success="True" result="Success" executed="True" />
                </results>
              </test-suite>
              <test-case description="Ran silently 4 tests" name="Test help for Test-PSDCConfiguration.Ran silently 4 tests" time="0.105" asserts="0" success="True" result="Success" executed="True" />
            </results>
          </test-suite>
          <test-suite type="TestFixture" name="Test help for Test-PSDCElevated" executed="True" result="Success" success="True" time="0.1448" asserts="0" description="Test help for Test-PSDCElevated">
            <results>
              <test-suite type="TestFixture" name="Test parameter help for Test-PSDCElevated" executed="True" result="Success" success="True" time="0.035" asserts="0" description="Test parameter help for Test-PSDCElevated">
                <results>
                  <test-case description="Ran silently 0 tests" name="Test help for Test-PSDCElevated.Test parameter help for Test-PSDCElevated.Ran silently 0 tests" time="0.035" asserts="0" success="True" result="Success" executed="True" />
                </results>
              </test-suite>
              <test-case description="Ran silently 4 tests" name="Test help for Test-PSDCElevated.Ran silently 4 tests" time="0.1098" asserts="0" success="True" result="Success" executed="True" />
            </results>
          </test-suite>
          <test-suite type="TestFixture" name="Test help for Test-PSDCRemoting" executed="True" result="Success" success="True" time="0.1388" asserts="0" description="Test help for Test-PSDCRemoting">
            <results>
              <test-suite type="TestFixture" name="Test parameter help for Test-PSDCRemoting" executed="True" result="Success" success="True" time="0.0331" asserts="0" description="Test parameter help for Test-PSDCRemoting">
                <results>
                  <test-case description="Ran silently 12 tests" name="Test help for Test-PSDCRemoting.Test parameter help for Test-PSDCRemoting.Ran silently 12 tests" time="0.0331" asserts="0" success="True" result="Success" executed="True" />
                </results>
              </test-suite>
              <test-case description="Ran silently 4 tests" name="Test help for Test-PSDCRemoting.Ran silently 4 tests" time="0.1057" asserts="0" success="True" result="Success" executed="True" />
            </results>
          </test-suite>
        </results>
      </test-suite>
    </results>
  </test-suite>
</test-results>