<?xml version="1.0" encoding="utf-8" standalone="no"?>
<test-results xmlns:xsi="http://www.w3.org/2001/XMLSchema-instance" xsi:noNamespaceSchemaLocation="nunit_schema_2.5.xsd" name="Pester" total="10" errors="0" failures="0" not-run="0" inconclusive="0" ignored="0" skipped="0" invalid="0" date="2018-09-24" time="16:33:24">
  <environment user="sander" machine-name="STADPC" cwd="Development:\PowerShell\PSDatabaseClone" user-domain="STADPC" platform="Microsoft Windows 10 Pro|C:\WINDOWS|\Device\Harddisk0\Partition4" nunit-version="2.5.8.0" os-version="10.0.17134" clr-version="4.0.30319.42000" />
  <culture-info current-culture="en-US" current-uiculture="en-US" />
  <test-suite type="TestFixture" name="Pester" executed="True" result="Success" success="True" time="8.1552" asserts="0" description="Pester">
    <results>
      <test-suite type="TestFixture" name="C:\Users\sande\OneDrive\_Development\PowerShell\PSDatabaseClone\PSDatabaseClone\tests\functions\Initialize-PSDCVhdDisk.Tests.ps1" executed="True" result="Success" success="True" time="8.1552" asserts="0" description="C:\Users\sande\OneDrive\_Development\PowerShell\PSDatabaseClone\PSDatabaseClone\tests\functions\Initialize-PSDCVhdDisk.Tests.ps1">
        <results>
          <test-suite type="TestFixture" name="Initialize-PSDCVhdDisk Unit Tests" executed="True" result="Success" success="True" time="8.1552" asserts="0" description="Initialize-PSDCVhdDisk Unit Tests">
            <results>
              <test-suite type="TestFixture" name="Initialize disk with MBR" executed="True" result="Success" success="True" time="4.3309" asserts="0" description="Initialize disk with MBR">
                <results>
                  <test-case description="Disk Should be online" name="Initialize-PSDCVhdDisk Unit Tests.Initialize disk with MBR.Disk Should be online" time="4.2734" asserts="0" success="True" result="Success" executed="True" />
                  <test-case description="Disk Partition style should be RAW" name="Initialize-PSDCVhdDisk Unit Tests.Initialize disk with MBR.Disk Partition style should be RAW" time="0.0091" asserts="0" success="True" result="Success" executed="True" />
                  <test-case description="Disk Partition should be online" name="Initialize-PSDCVhdDisk Unit Tests.Initialize disk with MBR.Disk Partition should be online" time="0.0087" asserts="0" success="True" result="Success" executed="True" />
                  <test-case description="Disk Partition number should be 1" name="Initialize-PSDCVhdDisk Unit Tests.Initialize disk with MBR.Disk Partition number should be 1" time="0.0148" asserts="0" success="True" result="Success" executed="True" />
                  <test-case description="Disk Volume file system should be NTFS" name="Initialize-PSDCVhdDisk Unit Tests.Initialize disk with MBR.Disk Volume file system should be NTFS" time="0.0077" asserts="0" success="True" result="Success" executed="True" />
                  <test-case description="Disk Volume size should be 1GB" name="Initialize-PSDCVhdDisk Unit Tests.Initialize disk with MBR.Disk Volume size should be 1GB" time="0.0172" asserts="0" success="True" result="Success" executed="True" />
                </results>
              </test-suite>
              <test-suite type="TestFixture" name="Initialize disk with GPT" executed="True" result="Success" success="True" time="3.8243" asserts="0" description="Initialize disk with GPT">
                <results>
                  <test-case description="Disk Should be online" name="Initialize-PSDCVhdDisk Unit Tests.Initialize disk with GPT.Disk Should be online" time="3.7829" asserts="0" success="True" result="Success" executed="True" />
                  <test-case description="Disk Partition style should be RAW" name="Initialize-PSDCVhdDisk Unit Tests.Initialize disk with GPT.Disk Partition style should be RAW" time="0.0089" asserts="0" success="True" result="Success" executed="True" />
                  <test-case description="Disk Volume file system should be NTFS" name="Initialize-PSDCVhdDisk Unit Tests.Initialize disk with GPT.Disk Volume file system should be NTFS" time="0.0175" asserts="0" success="True" result="Success" executed="True" />
                  <test-case description="Disk Volume size should be 64TB " name="Initialize-PSDCVhdDisk Unit Tests.Initialize disk with GPT.Disk Volume size should be 64TB " time="0.015" asserts="0" success="True" result="Success" executed="True" />
                </results>
              </test-suite>
            </results>
          </test-suite>
        </results>
      </test-suite>
    </results>
  </test-suite>
</test-results>