<?xml version="1.0" encoding="utf-8" standalone="no"?>
<test-results xmlns:xsi="http://www.w3.org/2001/XMLSchema-instance" xsi:noNamespaceSchemaLocation="nunit_schema_2.5.xsd" name="Pester" total="5" errors="0" failures="0" not-run="0" inconclusive="0" ignored="0" skipped="0" invalid="0" date="2018-09-24" time="16:33:42">
  <environment user="sander" machine-name="STADPC" cwd="Development:\PowerShell\PSDatabaseClone" user-domain="STADPC" platform="Microsoft Windows 10 Pro|C:\WINDOWS|\Device\Harddisk0\Partition4" nunit-version="2.5.8.0" os-version="10.0.17134" clr-version="4.0.30319.42000" />
  <culture-info current-culture="en-US" current-uiculture="en-US" />
  <test-suite type="TestFixture" name="Pester" executed="True" result="Success" success="True" time="2.0072" asserts="0" description="Pester">
    <results>
      <test-suite type="TestFixture" name="C:\Users\sande\OneDrive\_Development\PowerShell\PSDatabaseClone\PSDatabaseClone\tests\functions\New-PSDCVhdDisk.Tests.ps1" executed="True" result="Success" success="True" time="2.0072" asserts="0" description="C:\Users\sande\OneDrive\_Development\PowerShell\PSDatabaseClone\PSDatabaseClone\tests\functions\New-PSDCVhdDisk.Tests.ps1">
        <results>
          <test-suite type="TestFixture" name="New-PSDCVhdDisk Unit Tests" executed="True" result="Success" success="True" time="2.0072" asserts="0" description="New-PSDCVhdDisk Unit Tests">
            <results>
              <test-suite type="TestFixture" name="Create new VHD with defaults" executed="True" result="Success" success="True" time="0.5669" asserts="0" description="Create new VHD with defaults">
                <results>
                  <test-case description="[C:\projects\images\TestImage1.vhdx] Should exist" name="New-PSDCVhdDisk Unit Tests.Create new VHD with defaults.[C:\projects\images\TestImage1.vhdx] Should exist" time="0.5669" asserts="0" success="True" result="Success" executed="True" />
                </results>
              </test-suite>
              <test-suite type="TestFixture" name="Create new VHD with file name" executed="True" result="Success" success="True" time="0.471" asserts="0" description="Create new VHD with file name">
                <results>
                  <test-case description="[C:\projects\images\TestImage2.vhdx] Should exist" name="New-PSDCVhdDisk Unit Tests.Create new VHD with file name.[C:\projects\images\TestImage2.vhdx] Should exist" time="0.471" asserts="0" success="True" result="Success" executed="True" />
                </results>
              </test-suite>
              <test-suite type="TestFixture" name="Create VHDs with different types" executed="True" result="Success" success="True" time="0.4912" asserts="0" description="Create VHDs with different types">
                <results>
                  <test-case description="[C:\projects\images\TestImage3.vhd] Should exist" name="New-PSDCVhdDisk Unit Tests.Create VHDs with different types.[C:\projects\images\TestImage3.vhd] Should exist" time="0.4912" asserts="0" success="True" result="Success" executed="True" />
                </results>
              </test-suite>
              <test-suite type="TestFixture" name="Create VHDs specific size" executed="True" result="Success" success="True" time="0.4781" asserts="0" description="Create VHDs specific size">
                <results>
                  <test-case description="[C:\projects\images\TestImage4.vhd] Should exist" name="New-PSDCVhdDisk Unit Tests.Create VHDs specific size.[C:\projects\images\TestImage4.vhd] Should exist" time="0.4635" asserts="0" success="True" result="Success" executed="True" />
                  <test-case description="[C:\projects\images\TestImage4.vhd] Should be 10 MB" name="New-PSDCVhdDisk Unit Tests.Create VHDs specific size.[C:\projects\images\TestImage4.vhd] Should be 10 MB" time="0.0146" asserts="0" success="True" result="Success" executed="True" />
                </results>
              </test-suite>
            </results>
          </test-suite>
        </results>
      </test-suite>
    </results>
  </test-suite>
</test-results>