<?xml version="1.0" encoding="utf-8" standalone="no"?>
<test-results xmlns:xsi="http://www.w3.org/2001/XMLSchema-instance" xsi:noNamespaceSchemaLocation="nunit_schema_2.5.xsd" name="Pester" total="241" errors="0" failures="0" not-run="0" inconclusive="0" ignored="0" skipped="0" invalid="0" date="2018-09-24" time="16:32:59">
  <environment user="sander" machine-name="STADPC" cwd="Development:\PowerShell\PSDatabaseClone" user-domain="STADPC" platform="Microsoft Windows 10 Pro|C:\WINDOWS|\Device\Harddisk0\Partition4" nunit-version="2.5.8.0" os-version="10.0.17134" clr-version="4.0.30319.42000" />
  <culture-info current-culture="en-US" current-uiculture="en-US" />
  <test-suite type="TestFixture" name="Pester" executed="True" result="Success" success="True" time="5.6226" asserts="0" description="Pester">
    <results>
      <test-suite type="TestFixture" name="C:\Users\sande\OneDrive\_Development\PowerShell\PSDatabaseClone\PSDatabaseClone\tests\general\FileIntegrity.Tests.ps1" executed="True" result="Success" success="True" time="5.6226" asserts="0" description="C:\Users\sande\OneDrive\_Development\PowerShell\PSDatabaseClone\PSDatabaseClone\tests\general\FileIntegrity.Tests.ps1">
        <results>
          <test-suite type="TestFixture" name="Verifying integrity of module files" executed="True" result="Success" success="True" time="5.6226" asserts="0" description="Verifying integrity of module files">
            <results>
              <test-suite type="TestFixture" name="Validating PS1 Script files" executed="True" result="Success" success="True" time="5.5619" asserts="0" description="Validating PS1 Script files">
                <results>
                  <test-case description="[functions\clone\Get-PSDCClone.ps1] Should have no trailing space" name="Verifying integrity of module files.Validating PS1 Script files.[functions\clone\Get-PSDCClone.ps1] Should have no trailing space" time="0.1003" asserts="0" success="True" result="Success" executed="True" />
                  <test-case description="[functions\clone\Get-PSDCClone.ps1] Should have no syntax errors" name="Verifying integrity of module files.Validating PS1 Script files.[functions\clone\Get-PSDCClone.ps1] Should have no syntax errors" time="0.0104" asserts="0" success="True" result="Success" executed="True" />
                  <test-case description="[functions\clone\Get-PSDCClone.ps1] Should not use Write-Host" name="Verifying integrity of module files.Validating PS1 Script files.[functions\clone\Get-PSDCClone.ps1] Should not use Write-Host" time="0.0215" asserts="0" success="True" result="Success" executed="True" />
                  <test-case description="[functions\clone\Get-PSDCClone.ps1] Should not use Write-Verbose" name="Verifying integrity of module files.Validating PS1 Script files.[functions\clone\Get-PSDCClone.ps1] Should not use Write-Verbose" time="0.0225" asserts="0" success="True" result="Success" executed="True" />
                  <test-case description="[functions\clone\Get-PSDCClone.ps1] Should not use Write-Warning" name="Verifying integrity of module files.Validating PS1 Script files.[functions\clone\Get-PSDCClone.ps1] Should not use Write-Warning" time="0.0211" asserts="0" success="True" result="Success" executed="True" />
                  <test-case description="[functions\clone\Get-PSDCClone.ps1] Should not use Write-Error" name="Verifying integrity of module files.Validating PS1 Script files.[functions\clone\Get-PSDCClone.ps1] Should not use Write-Error" time="0.032" asserts="0" success="True" result="Success" executed="True" />
                  <test-case description="[functions\clone\Get-PSDCClone.ps1] Should not use Write-Output" name="Verifying integrity of module files.Validating PS1 Script files.[functions\clone\Get-PSDCClone.ps1] Should not use Write-Output" time="0.0221" asserts="0" success="True" result="Success" executed="True" />
                  <test-case description="[functions\clone\Get-PSDCClone.ps1] Should not use Write-Information" name="Verifying integrity of module files.Validating PS1 Script files.[functions\clone\Get-PSDCClone.ps1] Should not use Write-Information" time="0.0211" asserts="0" success="True" result="Success" executed="True" />
                  <test-case description="[functions\clone\Get-PSDCClone.ps1] Should not use Write-Debug" name="Verifying integrity of module files.Validating PS1 Script files.[functions\clone\Get-PSDCClone.ps1] Should not use Write-Debug" time="0.0228" asserts="0" success="True" result="Success" executed="True" />
                  <test-case description="[functions\clone\Get-PSDCClone.ps1] Should not contain aliases" name="Verifying integrity of module files.Validating PS1 Script files.[functions\clone\Get-PSDCClone.ps1] Should not contain aliases" time="0.0377" asserts="0" success="True" result="Success" executed="True" />
                  <test-case description="[functions\clone\Invoke-PSDCRepairClone.ps1] Should have no trailing space" name="Verifying integrity of module files.Validating PS1 Script files.[functions\clone\Invoke-PSDCRepairClone.ps1] Should have no trailing space" time="0.0097" asserts="0" success="True" result="Success" executed="True" />
                  <test-case description="[functions\clone\Invoke-PSDCRepairClone.ps1] Should have no syntax errors" name="Verifying integrity of module files.Validating PS1 Script files.[functions\clone\Invoke-PSDCRepairClone.ps1] Should have no syntax errors" time="0.0157" asserts="0" success="True" result="Success" executed="True" />
                  <test-case description="[functions\clone\Invoke-PSDCRepairClone.ps1] Should not use Write-Host" name="Verifying integrity of module files.Validating PS1 Script files.[functions\clone\Invoke-PSDCRepairClone.ps1] Should not use Write-Host" time="0.0176" asserts="0" success="True" result="Success" executed="True" />
                  <test-case description="[functions\clone\Invoke-PSDCRepairClone.ps1] Should not use Write-Verbose" name="Verifying integrity of module files.Validating PS1 Script files.[functions\clone\Invoke-PSDCRepairClone.ps1] Should not use Write-Verbose" time="0.0313" asserts="0" success="True" result="Success" executed="True" />
                  <test-case description="[functions\clone\Invoke-PSDCRepairClone.ps1] Should not use Write-Warning" name="Verifying integrity of module files.Validating PS1 Script files.[functions\clone\Invoke-PSDCRepairClone.ps1] Should not use Write-Warning" time="0.0228" asserts="0" success="True" result="Success" executed="True" />
                  <test-case description="[functions\clone\Invoke-PSDCRepairClone.ps1] Should not use Write-Error" name="Verifying integrity of module files.Validating PS1 Script files.[functions\clone\Invoke-PSDCRepairClone.ps1] Should not use Write-Error" time="0.0286" asserts="0" success="True" result="Success" executed="True" />
                  <test-case description="[functions\clone\Invoke-PSDCRepairClone.ps1] Should not use Write-Output" name="Verifying integrity of module files.Validating PS1 Script files.[functions\clone\Invoke-PSDCRepairClone.ps1] Should not use Write-Output" time="0.0226" asserts="0" success="True" result="Success" executed="True" />
                  <test-case description="[functions\clone\Invoke-PSDCRepairClone.ps1] Should not use Write-Information" name="Verifying integrity of module files.Validating PS1 Script files.[functions\clone\Invoke-PSDCRepairClone.ps1] Should not use Write-Information" time="0.0238" asserts="0" success="True" result="Success" executed="True" />
                  <test-case description="[functions\clone\Invoke-PSDCRepairClone.ps1] Should not use Write-Debug" name="Verifying integrity of module files.Validating PS1 Script files.[functions\clone\Invoke-PSDCRepairClone.ps1] Should not use Write-Debug" time="0.0288" asserts="0" success="True" result="Success" executed="True" />
                  <test-case description="[functions\clone\Invoke-PSDCRepairClone.ps1] Should not contain aliases" name="Verifying integrity of module files.Validating PS1 Script files.[functions\clone\Invoke-PSDCRepairClone.ps1] Should not contain aliases" time="0.0405" asserts="0" success="True" result="Success" executed="True" />
                  <test-case description="[functions\clone\New-PSDCClone.ps1] Should have no trailing space" name="Verifying integrity of module files.Validating PS1 Script files.[functions\clone\New-PSDCClone.ps1] Should have no trailing space" time="0.02" asserts="0" success="True" result="Success" executed="True" />
                  <test-case description="[functions\clone\New-PSDCClone.ps1] Should have no syntax errors" name="Verifying integrity of module files.Validating PS1 Script files.[functions\clone\New-PSDCClone.ps1] Should have no syntax errors" time="0.0217" asserts="0" success="True" result="Success" executed="True" />
                  <test-case description="[functions\clone\New-PSDCClone.ps1] Should not use Write-Host" name="Verifying integrity of module files.Validating PS1 Script files.[functions\clone\New-PSDCClone.ps1] Should not use Write-Host" time="0.0584" asserts="0" success="True" result="Success" executed="True" />
                  <test-case description="[functions\clone\New-PSDCClone.ps1] Should not use Write-Verbose" name="Verifying integrity of module files.Validating PS1 Script files.[functions\clone\New-PSDCClone.ps1] Should not use Write-Verbose" time="0.0714" asserts="0" success="True" result="Success" executed="True" />
                  <test-case description="[functions\clone\New-PSDCClone.ps1] Should not use Write-Warning" name="Verifying integrity of module files.Validating PS1 Script files.[functions\clone\New-PSDCClone.ps1] Should not use Write-Warning" time="0.0914" asserts="0" success="True" result="Success" executed="True" />
                  <test-case description="[functions\clone\New-PSDCClone.ps1] Should not use Write-Error" name="Verifying integrity of module files.Validating PS1 Script files.[functions\clone\New-PSDCClone.ps1] Should not use Write-Error" time="0.0695" asserts="0" success="True" result="Success" executed="True" />
                  <test-case description="[functions\clone\New-PSDCClone.ps1] Should not use Write-Output" name="Verifying integrity of module files.Validating PS1 Script files.[functions\clone\New-PSDCClone.ps1] Should not use Write-Output" time="0.0751" asserts="0" success="True" result="Success" executed="True" />
                  <test-case description="[functions\clone\New-PSDCClone.ps1] Should not use Write-Information" name="Verifying integrity of module files.Validating PS1 Script files.[functions\clone\New-PSDCClone.ps1] Should not use Write-Information" time="0.0685" asserts="0" success="True" result="Success" executed="True" />
                  <test-case description="[functions\clone\New-PSDCClone.ps1] Should not use Write-Debug" name="Verifying integrity of module files.Validating PS1 Script files.[functions\clone\New-PSDCClone.ps1] Should not use Write-Debug" time="0.0754" asserts="0" success="True" result="Success" executed="True" />
                  <test-case description="[functions\clone\New-PSDCClone.ps1] Should not contain aliases" name="Verifying integrity of module files.Validating PS1 Script files.[functions\clone\New-PSDCClone.ps1] Should not contain aliases" time="0.1197" asserts="0" success="True" result="Success" executed="True" />
                  <test-case description="[functions\clone\Remove-PSDCClone.ps1] Should have no trailing space" name="Verifying integrity of module files.Validating PS1 Script files.[functions\clone\Remove-PSDCClone.ps1] Should have no trailing space" time="0.016" asserts="0" success="True" result="Success" executed="True" />
                  <test-case description="[functions\clone\Remove-PSDCClone.ps1] Should have no syntax errors" name="Verifying integrity of module files.Validating PS1 Script files.[functions\clone\Remove-PSDCClone.ps1] Should have no syntax errors" time="0.0107" asserts="0" success="True" result="Success" executed="True" />
                  <test-case description="[functions\clone\Remove-PSDCClone.ps1] Should not use Write-Host" name="Verifying integrity of module files.Validating PS1 Script files.[functions\clone\Remove-PSDCClone.ps1] Should not use Write-Host" time="0.0314" asserts="0" success="True" result="Success" executed="True" />
                  <test-case description="[functions\clone\Remove-PSDCClone.ps1] Should not use Write-Verbose" name="Verifying integrity of module files.Validating PS1 Script files.[functions\clone\Remove-PSDCClone.ps1] Should not use Write-Verbose" time="0.0344" asserts="0" success="True" result="Success" executed="True" />
                  <test-case description="[functions\clone\Remove-PSDCClone.ps1] Should not use Write-Warning" name="Verifying integrity of module files.Validating PS1 Script files.[functions\clone\Remove-PSDCClone.ps1] Should not use Write-Warning" time="0.0325" asserts="0" success="True" result="Success" executed="True" />
                  <test-case description="[functions\clone\Remove-PSDCClone.ps1] Should not use Write-Error" name="Verifying integrity of module files.Validating PS1 Script files.[functions\clone\Remove-PSDCClone.ps1] Should not use Write-Error" time="0.0274" asserts="0" success="True" result="Success" executed="True" />
                  <test-case description="[functions\clone\Remove-PSDCClone.ps1] Should not use Write-Output" name="Verifying integrity of module files.Validating PS1 Script files.[functions\clone\Remove-PSDCClone.ps1] Should not use Write-Output" time="0.0324" asserts="0" success="True" result="Success" executed="True" />
                  <test-case description="[functions\clone\Remove-PSDCClone.ps1] Should not use Write-Information" name="Verifying integrity of module files.Validating PS1 Script files.[functions\clone\Remove-PSDCClone.ps1] Should not use Write-Information" time="0.0322" asserts="0" success="True" result="Success" executed="True" />
                  <test-case description="[functions\clone\Remove-PSDCClone.ps1] Should not use Write-Debug" name="Verifying integrity of module files.Validating PS1 Script files.[functions\clone\Remove-PSDCClone.ps1] Should not use Write-Debug" time="0.0323" asserts="0" success="True" result="Success" executed="True" />
                  <test-case description="[functions\clone\Remove-PSDCClone.ps1] Should not contain aliases" name="Verifying integrity of module files.Validating PS1 Script files.[functions\clone\Remove-PSDCClone.ps1] Should not contain aliases" time="0.0522" asserts="0" success="True" result="Success" executed="True" />
                  <test-case description="[functions\datamasking\Invoke-PSDCDataMasking.ps1] Should have no trailing space" name="Verifying integrity of module files.Validating PS1 Script files.[functions\datamasking\Invoke-PSDCDataMasking.ps1] Should have no trailing space" time="0.0151" asserts="0" success="True" result="Success" executed="True" />
                  <test-case description="[functions\datamasking\Invoke-PSDCDataMasking.ps1] Should have no syntax errors" name="Verifying integrity of module files.Validating PS1 Script files.[functions\datamasking\Invoke-PSDCDataMasking.ps1] Should have no syntax errors" time="0.0099" asserts="0" success="True" result="Success" executed="True" />
                  <test-case description="[functions\datamasking\Invoke-PSDCDataMasking.ps1] Should not use Write-Host" name="Verifying integrity of module files.Validating PS1 Script files.[functions\datamasking\Invoke-PSDCDataMasking.ps1] Should not use Write-Host" time="0.0246" asserts="0" success="True" result="Success" executed="True" />
                  <test-case description="[functions\datamasking\Invoke-PSDCDataMasking.ps1] Should not use Write-Verbose" name="Verifying integrity of module files.Validating PS1 Script files.[functions\datamasking\Invoke-PSDCDataMasking.ps1] Should not use Write-Verbose" time="0.0302" asserts="0" success="True" result="Success" executed="True" />
                  <test-case description="[functions\datamasking\Invoke-PSDCDataMasking.ps1] Should not use Write-Warning" name="Verifying integrity of module files.Validating PS1 Script files.[functions\datamasking\Invoke-PSDCDataMasking.ps1] Should not use Write-Warning" time="0.0217" asserts="0" success="True" result="Success" executed="True" />
                  <test-case description="[functions\datamasking\Invoke-PSDCDataMasking.ps1] Should not use Write-Error" name="Verifying integrity of module files.Validating PS1 Script files.[functions\datamasking\Invoke-PSDCDataMasking.ps1] Should not use Write-Error" time="0.028" asserts="0" success="True" result="Success" executed="True" />
                  <test-case description="[functions\datamasking\Invoke-PSDCDataMasking.ps1] Should not use Write-Output" name="Verifying integrity of module files.Validating PS1 Script files.[functions\datamasking\Invoke-PSDCDataMasking.ps1] Should not use Write-Output" time="0.0217" asserts="0" success="True" result="Success" executed="True" />
                  <test-case description="[functions\datamasking\Invoke-PSDCDataMasking.ps1] Should not use Write-Information" name="Verifying integrity of module files.Validating PS1 Script files.[functions\datamasking\Invoke-PSDCDataMasking.ps1] Should not use Write-Information" time="0.0277" asserts="0" success="True" result="Success" executed="True" />
                  <test-case description="[functions\datamasking\Invoke-PSDCDataMasking.ps1] Should not use Write-Debug" name="Verifying integrity of module files.Validating PS1 Script files.[functions\datamasking\Invoke-PSDCDataMasking.ps1] Should not use Write-Debug" time="0.0217" asserts="0" success="True" result="Success" executed="True" />
                  <test-case description="[functions\datamasking\Invoke-PSDCDataMasking.ps1] Should not contain aliases" name="Verifying integrity of module files.Validating PS1 Script files.[functions\datamasking\Invoke-PSDCDataMasking.ps1] Should not contain aliases" time="0.0346" asserts="0" success="True" result="Success" executed="True" />
                  <test-case description="[functions\datamasking\New-PSDCMaskingConfiguration.ps1] Should have no trailing space" name="Verifying integrity of module files.Validating PS1 Script files.[functions\datamasking\New-PSDCMaskingConfiguration.ps1] Should have no trailing space" time="0.0108" asserts="0" success="True" result="Success" executed="True" />
                  <test-case description="[functions\datamasking\New-PSDCMaskingConfiguration.ps1] Should have no syntax errors" name="Verifying integrity of module files.Validating PS1 Script files.[functions\datamasking\New-PSDCMaskingConfiguration.ps1] Should have no syntax errors" time="0.0155" asserts="0" success="True" result="Success" executed="True" />
                  <test-case description="[functions\datamasking\New-PSDCMaskingConfiguration.ps1] Should not use Write-Host" name="Verifying integrity of module files.Validating PS1 Script files.[functions\datamasking\New-PSDCMaskingConfiguration.ps1] Should not use Write-Host" time="0.0302" asserts="0" success="True" result="Success" executed="True" />
                  <test-case description="[functions\datamasking\New-PSDCMaskingConfiguration.ps1] Should not use Write-Verbose" name="Verifying integrity of module files.Validating PS1 Script files.[functions\datamasking\New-PSDCMaskingConfiguration.ps1] Should not use Write-Verbose" time="0.0354" asserts="0" success="True" result="Success" executed="True" />
                  <test-case description="[functions\datamasking\New-PSDCMaskingConfiguration.ps1] Should not use Write-Warning" name="Verifying integrity of module files.Validating PS1 Script files.[functions\datamasking\New-PSDCMaskingConfiguration.ps1] Should not use Write-Warning" time="0.0353" asserts="0" success="True" result="Success" executed="True" />
                  <test-case description="[functions\datamasking\New-PSDCMaskingConfiguration.ps1] Should not use Write-Error" name="Verifying integrity of module files.Validating PS1 Script files.[functions\datamasking\New-PSDCMaskingConfiguration.ps1] Should not use Write-Error" time="0.0321" asserts="0" success="True" result="Success" executed="True" />
                  <test-case description="[functions\datamasking\New-PSDCMaskingConfiguration.ps1] Should not use Write-Output" name="Verifying integrity of module files.Validating PS1 Script files.[functions\datamasking\New-PSDCMaskingConfiguration.ps1] Should not use Write-Output" time="0.032" asserts="0" success="True" result="Success" executed="True" />
                  <test-case description="[functions\datamasking\New-PSDCMaskingConfiguration.ps1] Should not use Write-Information" name="Verifying integrity of module files.Validating PS1 Script files.[functions\datamasking\New-PSDCMaskingConfiguration.ps1] Should not use Write-Information" time="0.032" asserts="0" success="True" result="Success" executed="True" />
                  <test-case description="[functions\datamasking\New-PSDCMaskingConfiguration.ps1] Should not use Write-Debug" name="Verifying integrity of module files.Validating PS1 Script files.[functions\datamasking\New-PSDCMaskingConfiguration.ps1] Should not use Write-Debug" time="0.0318" asserts="0" success="True" result="Success" executed="True" />
                  <test-case description="[functions\datamasking\New-PSDCMaskingConfiguration.ps1] Should not contain aliases" name="Verifying integrity of module files.Validating PS1 Script files.[functions\datamasking\New-PSDCMaskingConfiguration.ps1] Should not contain aliases" time="0.0479" asserts="0" success="True" result="Success" executed="True" />
                  <test-case description="[functions\disk\Initialize-PSDCVhdDisk.ps1] Should have no trailing space" name="Verifying integrity of module files.Validating PS1 Script files.[functions\disk\Initialize-PSDCVhdDisk.ps1] Should have no trailing space" time="0.0093" asserts="0" success="True" result="Success" executed="True" />
                  <test-case description="[functions\disk\Initialize-PSDCVhdDisk.ps1] Should have no syntax errors" name="Verifying integrity of module files.Validating PS1 Script files.[functions\disk\Initialize-PSDCVhdDisk.ps1] Should have no syntax errors" time="0.0155" asserts="0" success="True" result="Success" executed="True" />
                  <test-case description="[functions\disk\Initialize-PSDCVhdDisk.ps1] Should not use Write-Host" name="Verifying integrity of module files.Validating PS1 Script files.[functions\disk\Initialize-PSDCVhdDisk.ps1] Should not use Write-Host" time="0.0145" asserts="0" success="True" result="Success" executed="True" />
                  <test-case description="[functions\disk\Initialize-PSDCVhdDisk.ps1] Should not use Write-Verbose" name="Verifying integrity of module files.Validating PS1 Script files.[functions\disk\Initialize-PSDCVhdDisk.ps1] Should not use Write-Verbose" time="0.0198" asserts="0" success="True" result="Success" executed="True" />
                  <test-case description="[functions\disk\Initialize-PSDCVhdDisk.ps1] Should not use Write-Warning" name="Verifying integrity of module files.Validating PS1 Script files.[functions\disk\Initialize-PSDCVhdDisk.ps1] Should not use Write-Warning" time="0.024" asserts="0" success="True" result="Success" executed="True" />
                  <test-case description="[functions\disk\Initialize-PSDCVhdDisk.ps1] Should not use Write-Error" name="Verifying integrity of module files.Validating PS1 Script files.[functions\disk\Initialize-PSDCVhdDisk.ps1] Should not use Write-Error" time="0.0193" asserts="0" success="True" result="Success" executed="True" />
                  <test-case description="[functions\disk\Initialize-PSDCVhdDisk.ps1] Should not use Write-Output" name="Verifying integrity of module files.Validating PS1 Script files.[functions\disk\Initialize-PSDCVhdDisk.ps1] Should not use Write-Output" time="0.0182" asserts="0" success="True" result="Success" executed="True" />
                  <test-case description="[functions\disk\Initialize-PSDCVhdDisk.ps1] Should not use Write-Information" name="Verifying integrity of module files.Validating PS1 Script files.[functions\disk\Initialize-PSDCVhdDisk.ps1] Should not use Write-Information" time="0.0194" asserts="0" success="True" result="Success" executed="True" />
                  <test-case description="[functions\disk\Initialize-PSDCVhdDisk.ps1] Should not use Write-Debug" name="Verifying integrity of module files.Validating PS1 Script files.[functions\disk\Initialize-PSDCVhdDisk.ps1] Should not use Write-Debug" time="0.0192" asserts="0" success="True" result="Success" executed="True" />
                  <test-case description="[functions\disk\Initialize-PSDCVhdDisk.ps1] Should not contain aliases" name="Verifying integrity of module files.Validating PS1 Script files.[functions\disk\Initialize-PSDCVhdDisk.ps1] Should not contain aliases" time="0.0321" asserts="0" success="True" result="Success" executed="True" />
                  <test-case description="[functions\disk\New-PSDCVhdDisk.ps1] Should have no trailing space" name="Verifying integrity of module files.Validating PS1 Script files.[functions\disk\New-PSDCVhdDisk.ps1] Should have no trailing space" time="0.0095" asserts="0" success="True" result="Success" executed="True" />
                  <test-case description="[functions\disk\New-PSDCVhdDisk.ps1] Should have no syntax errors" name="Verifying integrity of module files.Validating PS1 Script files.[functions\disk\New-PSDCVhdDisk.ps1] Should have no syntax errors" time="0.0146" asserts="0" success="True" result="Success" executed="True" />
                  <test-case description="[functions\disk\New-PSDCVhdDisk.ps1] Should not use Write-Host" name="Verifying integrity of module files.Validating PS1 Script files.[functions\disk\New-PSDCVhdDisk.ps1] Should not use Write-Host" time="0.0234" asserts="0" success="True" result="Success" executed="True" />
                  <test-case description="[functions\disk\New-PSDCVhdDisk.ps1] Should not use Write-Verbose" name="Verifying integrity of module files.Validating PS1 Script files.[functions\disk\New-PSDCVhdDisk.ps1] Should not use Write-Verbose" time="0.0226" asserts="0" success="True" result="Success" executed="True" />
                  <test-case description="[functions\disk\New-PSDCVhdDisk.ps1] Should not use Write-Warning" name="Verifying integrity of module files.Validating PS1 Script files.[functions\disk\New-PSDCVhdDisk.ps1] Should not use Write-Warning" time="0.0225" asserts="0" success="True" result="Success" executed="True" />
                  <test-case description="[functions\disk\New-PSDCVhdDisk.ps1] Should not use Write-Error" name="Verifying integrity of module files.Validating PS1 Script files.[functions\disk\New-PSDCVhdDisk.ps1] Should not use Write-Error" time="0.0271" asserts="0" success="True" result="Success" executed="True" />
                  <test-case description="[functions\disk\New-PSDCVhdDisk.ps1] Should not use Write-Output" name="Verifying integrity of module files.Validating PS1 Script files.[functions\disk\New-PSDCVhdDisk.ps1] Should not use Write-Output" time="0.0214" asserts="0" success="True" result="Success" executed="True" />
                  <test-case description="[functions\disk\New-PSDCVhdDisk.ps1] Should not use Write-Information" name="Verifying integrity of module files.Validating PS1 Script files.[functions\disk\New-PSDCVhdDisk.ps1] Should not use Write-Information" time="0.0278" asserts="0" success="True" result="Success" executed="True" />
                  <test-case description="[functions\disk\New-PSDCVhdDisk.ps1] Should not use Write-Debug" name="Verifying integrity of module files.Validating PS1 Script files.[functions\disk\New-PSDCVhdDisk.ps1] Should not use Write-Debug" time="0.0213" asserts="0" success="True" result="Success" executed="True" />
                  <test-case description="[functions\disk\New-PSDCVhdDisk.ps1] Should not contain aliases" name="Verifying integrity of module files.Validating PS1 Script files.[functions\disk\New-PSDCVhdDisk.ps1] Should not contain aliases" time="0.0355" asserts="0" success="True" result="Success" executed="True" />
                  <test-case description="[functions\image\Get-PSDCImage.ps1] Should have no trailing space" name="Verifying integrity of module files.Validating PS1 Script files.[functions\image\Get-PSDCImage.ps1] Should have no trailing space" time="0.0144" asserts="0" success="True" result="Success" executed="True" />
                  <test-case description="[functions\image\Get-PSDCImage.ps1] Should have no syntax errors" name="Verifying integrity of module files.Validating PS1 Script files.[functions\image\Get-PSDCImage.ps1] Should have no syntax errors" time="0.0095" asserts="0" success="True" result="Success" executed="True" />
                  <test-case description="[functions\image\Get-PSDCImage.ps1] Should not use Write-Host" name="Verifying integrity of module files.Validating PS1 Script files.[functions\image\Get-PSDCImage.ps1] Should not use Write-Host" time="0.0216" asserts="0" success="True" result="Success" executed="True" />
                  <test-case description="[functions\image\Get-PSDCImage.ps1] Should not use Write-Verbose" name="Verifying integrity of module files.Validating PS1 Script files.[functions\image\Get-PSDCImage.ps1] Should not use Write-Verbose" time="0.0207" asserts="0" success="True" result="Success" executed="True" />
                  <test-case description="[functions\image\Get-PSDCImage.ps1] Should not use Write-Warning" name="Verifying integrity of module files.Validating PS1 Script files.[functions\image\Get-PSDCImage.ps1] Should not use Write-Warning" time="0.021" asserts="0" success="True" result="Success" executed="True" />
                  <test-case description="[functions\image\Get-PSDCImage.ps1] Should not use Write-Error" name="Verifying integrity of module files.Validating PS1 Script files.[functions\image\Get-PSDCImage.ps1] Should not use Write-Error" time="0.0219" asserts="0" success="True" result="Success" executed="True" />
                  <test-case description="[functions\image\Get-PSDCImage.ps1] Should not use Write-Output" name="Verifying integrity of module files.Validating PS1 Script files.[functions\image\Get-PSDCImage.ps1] Should not use Write-Output" time="0.0251" asserts="0" success="True" result="Success" executed="True" />
                  <test-case description="[functions\image\Get-PSDCImage.ps1] Should not use Write-Information" name="Verifying integrity of module files.Validating PS1 Script files.[functions\image\Get-PSDCImage.ps1] Should not use Write-Information" time="0.02" asserts="0" success="True" result="Success" executed="True" />
                  <test-case description="[functions\image\Get-PSDCImage.ps1] Should not use Write-Debug" name="Verifying integrity of module files.Validating PS1 Script files.[functions\image\Get-PSDCImage.ps1] Should not use Write-Debug" time="0.0187" asserts="0" success="True" result="Success" executed="True" />
                  <test-case description="[functions\image\Get-PSDCImage.ps1] Should not contain aliases" name="Verifying integrity of module files.Validating PS1 Script files.[functions\image\Get-PSDCImage.ps1] Should not contain aliases" time="0.0324" asserts="0" success="True" result="Success" executed="True" />
                  <test-case description="[functions\image\New-PSDCImage.ps1] Should have no trailing space" name="Verifying integrity of module files.Validating PS1 Script files.[functions\image\New-PSDCImage.ps1] Should have no trailing space" time="0.0126" asserts="0" success="True" result="Success" executed="True" />
                  <test-case description="[functions\image\New-PSDCImage.ps1] Should have no syntax errors" name="Verifying integrity of module files.Validating PS1 Script files.[functions\image\New-PSDCImage.ps1] Should have no syntax errors" time="0.0168" asserts="0" success="True" result="Success" executed="True" />
                  <test-case description="[functions\image\New-PSDCImage.ps1] Should not use Write-Host" name="Verifying integrity of module files.Validating PS1 Script files.[functions\image\New-PSDCImage.ps1] Should not use Write-Host" time="0.0542" asserts="0" success="True" result="Success" executed="True" />
                  <test-case description="[functions\image\New-PSDCImage.ps1] Should not use Write-Verbose" name="Verifying integrity of module files.Validating PS1 Script files.[functions\image\New-PSDCImage.ps1] Should not use Write-Verbose" time="0.0644" asserts="0" success="True" result="Success" executed="True" />
                  <test-case description="[functions\image\New-PSDCImage.ps1] Should not use Write-Warning" name="Verifying integrity of module files.Validating PS1 Script files.[functions\image\New-PSDCImage.ps1] Should not use Write-Warning" time="0.0702" asserts="0" success="True" result="Success" executed="True" />
                  <test-case description="[functions\image\New-PSDCImage.ps1] Should not use Write-Error" name="Verifying integrity of module files.Validating PS1 Script files.[functions\image\New-PSDCImage.ps1] Should not use Write-Error" time="0.0638" asserts="0" success="True" result="Success" executed="True" />
                  <test-case description="[functions\image\New-PSDCImage.ps1] Should not use Write-Output" name="Verifying integrity of module files.Validating PS1 Script files.[functions\image\New-PSDCImage.ps1] Should not use Write-Output" time="0.064" asserts="0" success="True" result="Success" executed="True" />
                  <test-case description="[functions\image\New-PSDCImage.ps1] Should not use Write-Information" name="Verifying integrity of module files.Validating PS1 Script files.[functions\image\New-PSDCImage.ps1] Should not use Write-Information" time="0.0644" asserts="0" success="True" result="Success" executed="True" />
                  <test-case description="[functions\image\New-PSDCImage.ps1] Should not use Write-Debug" name="Verifying integrity of module files.Validating PS1 Script files.[functions\image\New-PSDCImage.ps1] Should not use Write-Debug" time="0.0636" asserts="0" success="True" result="Success" executed="True" />
                  <test-case description="[functions\image\New-PSDCImage.ps1] Should not contain aliases" name="Verifying integrity of module files.Validating PS1 Script files.[functions\image\New-PSDCImage.ps1] Should not contain aliases" time="0.1074" asserts="0" success="True" result="Success" executed="True" />
                  <test-case description="[functions\image\Remove-PSDCImage.ps1] Should have no trailing space" name="Verifying integrity of module files.Validating PS1 Script files.[functions\image\Remove-PSDCImage.ps1] Should have no trailing space" time="0.0106" asserts="0" success="True" result="Success" executed="True" />
                  <test-case description="[functions\image\Remove-PSDCImage.ps1] Should have no syntax errors" name="Verifying integrity of module files.Validating PS1 Script files.[functions\image\Remove-PSDCImage.ps1] Should have no syntax errors" time="0.0156" asserts="0" success="True" result="Success" executed="True" />
                  <test-case description="[functions\image\Remove-PSDCImage.ps1] Should not use Write-Host" name="Verifying integrity of module files.Validating PS1 Script files.[functions\image\Remove-PSDCImage.ps1] Should not use Write-Host" time="0.03" asserts="0" success="True" result="Success" executed="True" />
                  <test-case description="[functions\image\Remove-PSDCImage.ps1] Should not use Write-Verbose" name="Verifying integrity of module files.Validating PS1 Script files.[functions\image\Remove-PSDCImage.ps1] Should not use Write-Verbose" time="0.0289" asserts="0" success="True" result="Success" executed="True" />
                  <test-case description="[functions\image\Remove-PSDCImage.ps1] Should not use Write-Warning" name="Verifying integrity of module files.Validating PS1 Script files.[functions\image\Remove-PSDCImage.ps1] Should not use Write-Warning" time="0.0316" asserts="0" success="True" result="Success" executed="True" />
                  <test-case description="[functions\image\Remove-PSDCImage.ps1] Should not use Write-Error" name="Verifying integrity of module files.Validating PS1 Script files.[functions\image\Remove-PSDCImage.ps1] Should not use Write-Error" time="0.0319" asserts="0" success="True" result="Success" executed="True" />
                  <test-case description="[functions\image\Remove-PSDCImage.ps1] Should not use Write-Output" name="Verifying integrity of module files.Validating PS1 Script files.[functions\image\Remove-PSDCImage.ps1] Should not use Write-Output" time="0.0323" asserts="0" success="True" result="Success" executed="True" />
                  <test-case description="[functions\image\Remove-PSDCImage.ps1] Should not use Write-Information" name="Verifying integrity of module files.Validating PS1 Script files.[functions\image\Remove-PSDCImage.ps1] Should not use Write-Information" time="0.0336" asserts="0" success="True" result="Success" executed="True" />
                  <test-case description="[functions\image\Remove-PSDCImage.ps1] Should not use Write-Debug" name="Verifying integrity of module files.Validating PS1 Script files.[functions\image\Remove-PSDCImage.ps1] Should not use Write-Debug" time="0.0329" asserts="0" success="True" result="Success" executed="True" />
                  <test-case description="[functions\image\Remove-PSDCImage.ps1] Should not contain aliases" name="Verifying integrity of module files.Validating PS1 Script files.[functions\image\Remove-PSDCImage.ps1] Should not contain aliases" time="0.088" asserts="0" success="True" result="Success" executed="True" />
                  <test-case description="[functions\support\Convert-PSDCLocalUncPathToLocalPath.ps1] Should have no trailing space" name="Verifying integrity of module files.Validating PS1 Script files.[functions\support\Convert-PSDCLocalUncPathToLocalPath.ps1] Should have no trailing space" time="0.0097" asserts="0" success="True" result="Success" executed="True" />
                  <test-case description="[functions\support\Convert-PSDCLocalUncPathToLocalPath.ps1] Should have no syntax errors" name="Verifying integrity of module files.Validating PS1 Script files.[functions\support\Convert-PSDCLocalUncPathToLocalPath.ps1] Should have no syntax errors" time="0.0144" asserts="0" success="True" result="Success" executed="True" />
                  <test-case description="[functions\support\Convert-PSDCLocalUncPathToLocalPath.ps1] Should not use Write-Host" name="Verifying integrity of module files.Validating PS1 Script files.[functions\support\Convert-PSDCLocalUncPathToLocalPath.ps1] Should not use Write-Host" time="0.0162" asserts="0" success="True" result="Success" executed="True" />
                  <test-case description="[functions\support\Convert-PSDCLocalUncPathToLocalPath.ps1] Should not use Write-Verbose" name="Verifying integrity of module files.Validating PS1 Script files.[functions\support\Convert-PSDCLocalUncPathToLocalPath.ps1] Should not use Write-Verbose" time="0.0106" asserts="0" success="True" result="Success" executed="True" />
                  <test-case description="[functions\support\Convert-PSDCLocalUncPathToLocalPath.ps1] Should not use Write-Warning" name="Verifying integrity of module files.Validating PS1 Script files.[functions\support\Convert-PSDCLocalUncPathToLocalPath.ps1] Should not use Write-Warning" time="0.0154" asserts="0" success="True" result="Success" executed="True" />
                  <test-case description="[functions\support\Convert-PSDCLocalUncPathToLocalPath.ps1] Should not use Write-Error" name="Verifying integrity of module files.Validating PS1 Script files.[functions\support\Convert-PSDCLocalUncPathToLocalPath.ps1] Should not use Write-Error" time="0.0155" asserts="0" success="True" result="Success" executed="True" />
                  <test-case description="[functions\support\Convert-PSDCLocalUncPathToLocalPath.ps1] Should not use Write-Output" name="Verifying integrity of module files.Validating PS1 Script files.[functions\support\Convert-PSDCLocalUncPathToLocalPath.ps1] Should not use Write-Output" time="0.0157" asserts="0" success="True" result="Success" executed="True" />
                  <test-case description="[functions\support\Convert-PSDCLocalUncPathToLocalPath.ps1] Should not use Write-Information" name="Verifying integrity of module files.Validating PS1 Script files.[functions\support\Convert-PSDCLocalUncPathToLocalPath.ps1] Should not use Write-Information" time="0.0106" asserts="0" success="True" result="Success" executed="True" />
                  <test-case description="[functions\support\Convert-PSDCLocalUncPathToLocalPath.ps1] Should not use Write-Debug" name="Verifying integrity of module files.Validating PS1 Script files.[functions\support\Convert-PSDCLocalUncPathToLocalPath.ps1] Should not use Write-Debug" time="0.0155" asserts="0" success="True" result="Success" executed="True" />
                  <test-case description="[functions\support\Convert-PSDCLocalUncPathToLocalPath.ps1] Should not contain aliases" name="Verifying integrity of module files.Validating PS1 Script files.[functions\support\Convert-PSDCLocalUncPathToLocalPath.ps1] Should not contain aliases" time="0.0198" asserts="0" success="True" result="Success" executed="True" />
                  <test-case description="[functions\support\Set-PSDCConfiguration.ps1] Should have no trailing space" name="Verifying integrity of module files.Validating PS1 Script files.[functions\support\Set-PSDCConfiguration.ps1] Should have no trailing space" time="0.0157" asserts="0" success="True" result="Success" executed="True" />
                  <test-case description="[functions\support\Set-PSDCConfiguration.ps1] Should have no syntax errors" name="Verifying integrity of module files.Validating PS1 Script files.[functions\support\Set-PSDCConfiguration.ps1] Should have no syntax errors" time="0.0171" asserts="0" success="True" result="Success" executed="True" />
                  <test-case description="[functions\support\Set-PSDCConfiguration.ps1] Should not use Write-Host" name="Verifying integrity of module files.Validating PS1 Script files.[functions\support\Set-PSDCConfiguration.ps1] Should not use Write-Host" time="0.0311" asserts="0" success="True" result="Success" executed="True" />
                  <test-case description="[functions\support\Set-PSDCConfiguration.ps1] Should not use Write-Verbose" name="Verifying integrity of module files.Validating PS1 Script files.[functions\support\Set-PSDCConfiguration.ps1] Should not use Write-Verbose" time="0.0449" asserts="0" success="True" result="Success" executed="True" />
                  <test-case description="[functions\support\Set-PSDCConfiguration.ps1] Should not use Write-Warning" name="Verifying integrity of module files.Validating PS1 Script files.[functions\support\Set-PSDCConfiguration.ps1] Should not use Write-Warning" time="0.0384" asserts="0" success="True" result="Success" executed="True" />
                  <test-case description="[functions\support\Set-PSDCConfiguration.ps1] Should not use Write-Error" name="Verifying integrity of module files.Validating PS1 Script files.[functions\support\Set-PSDCConfiguration.ps1] Should not use Write-Error" time="0.0519" asserts="0" success="True" result="Success" executed="True" />
                  <test-case description="[functions\support\Set-PSDCConfiguration.ps1] Should not use Write-Output" name="Verifying integrity of module files.Validating PS1 Script files.[functions\support\Set-PSDCConfiguration.ps1] Should not use Write-Output" time="0.0425" asserts="0" success="True" result="Success" executed="True" />
                  <test-case description="[functions\support\Set-PSDCConfiguration.ps1] Should not use Write-Information" name="Verifying integrity of module files.Validating PS1 Script files.[functions\support\Set-PSDCConfiguration.ps1] Should not use Write-Information" time="0.0383" asserts="0" success="True" result="Success" executed="True" />
                  <test-case description="[functions\support\Set-PSDCConfiguration.ps1] Should not use Write-Debug" name="Verifying integrity of module files.Validating PS1 Script files.[functions\support\Set-PSDCConfiguration.ps1] Should not use Write-Debug" time="0.0436" asserts="0" success="True" result="Success" executed="True" />
                  <test-case description="[functions\support\Set-PSDCConfiguration.ps1] Should not contain aliases" name="Verifying integrity of module files.Validating PS1 Script files.[functions\support\Set-PSDCConfiguration.ps1] Should not contain aliases" time="0.0715" asserts="0" success="True" result="Success" executed="True" />
                  <test-case description="[functions\support\Test-PSDCRemoting.ps1] Should have no trailing space" name="Verifying integrity of module files.Validating PS1 Script files.[functions\support\Test-PSDCRemoting.ps1] Should have no trailing space" time="0.0142" asserts="0" success="True" result="Success" executed="True" />
                  <test-case description="[functions\support\Test-PSDCRemoting.ps1] Should have no syntax errors" name="Verifying integrity of module files.Validating PS1 Script files.[functions\support\Test-PSDCRemoting.ps1] Should have no syntax errors" time="0.0093" asserts="0" success="True" result="Success" executed="True" />
                  <test-case description="[functions\support\Test-PSDCRemoting.ps1] Should not use Write-Host" name="Verifying integrity of module files.Validating PS1 Script files.[functions\support\Test-PSDCRemoting.ps1] Should not use Write-Host" time="0.0178" asserts="0" success="True" result="Success" executed="True" />
                  <test-case description="[functions\support\Test-PSDCRemoting.ps1] Should not use Write-Verbose" name="Verifying integrity of module files.Validating PS1 Script files.[functions\support\Test-PSDCRemoting.ps1] Should not use Write-Verbose" time="0.0174" asserts="0" success="True" result="Success" executed="True" />
                  <test-case description="[functions\support\Test-PSDCRemoting.ps1] Should not use Write-Warning" name="Verifying integrity of module files.Validating PS1 Script files.[functions\support\Test-PSDCRemoting.ps1] Should not use Write-Warning" time="0.0175" asserts="0" success="True" result="Success" executed="True" />
                  <test-case description="[functions\support\Test-PSDCRemoting.ps1] Should not use Write-Error" name="Verifying integrity of module files.Validating PS1 Script files.[functions\support\Test-PSDCRemoting.ps1] Should not use Write-Error" time="0.0176" asserts="0" success="True" result="Success" executed="True" />
                  <test-case description="[functions\support\Test-PSDCRemoting.ps1] Should not use Write-Output" name="Verifying integrity of module files.Validating PS1 Script files.[functions\support\Test-PSDCRemoting.ps1] Should not use Write-Output" time="0.0175" asserts="0" success="True" result="Success" executed="True" />
                  <test-case description="[functions\support\Test-PSDCRemoting.ps1] Should not use Write-Information" name="Verifying integrity of module files.Validating PS1 Script files.[functions\support\Test-PSDCRemoting.ps1] Should not use Write-Information" time="0.0178" asserts="0" success="True" result="Success" executed="True" />
                  <test-case description="[functions\support\Test-PSDCRemoting.ps1] Should not use Write-Debug" name="Verifying integrity of module files.Validating PS1 Script files.[functions\support\Test-PSDCRemoting.ps1] Should not use Write-Debug" time="0.0178" asserts="0" success="True" result="Success" executed="True" />
                  <test-case description="[functions\support\Test-PSDCRemoting.ps1] Should not contain aliases" name="Verifying integrity of module files.Validating PS1 Script files.[functions\support\Test-PSDCRemoting.ps1] Should not contain aliases" time="0.0208" asserts="0" success="True" result="Success" executed="True" />
                  <test-case description="[internal\configurations\configuration.ps1] Should have no trailing space" name="Verifying integrity of module files.Validating PS1 Script files.[internal\configurations\configuration.ps1] Should have no trailing space" time="0.0138" asserts="0" success="True" result="Success" executed="True" />
                  <test-case description="[internal\configurations\configuration.ps1] Should have no syntax errors" name="Verifying integrity of module files.Validating PS1 Script files.[internal\configurations\configuration.ps1] Should have no syntax errors" time="0.009" asserts="0" success="True" result="Success" executed="True" />
                  <test-case description="[internal\configurations\configuration.ps1] Should not use Write-Host" name="Verifying integrity of module files.Validating PS1 Script files.[internal\configurations\configuration.ps1] Should not use Write-Host" time="0.0129" asserts="0" success="True" result="Success" executed="True" />
                  <test-case description="[internal\configurations\configuration.ps1] Should not use Write-Verbose" name="Verifying integrity of module files.Validating PS1 Script files.[internal\configurations\configuration.ps1] Should not use Write-Verbose" time="0.0081" asserts="0" success="True" result="Success" executed="True" />
                  <test-case description="[internal\configurations\configuration.ps1] Should not use Write-Warning" name="Verifying integrity of module files.Validating PS1 Script files.[internal\configurations\configuration.ps1] Should not use Write-Warning" time="0.0132" asserts="0" success="True" result="Success" executed="True" />
                  <test-case description="[internal\configurations\configuration.ps1] Should not use Write-Error" name="Verifying integrity of module files.Validating PS1 Script files.[internal\configurations\configuration.ps1] Should not use Write-Error" time="0.008" asserts="0" success="True" result="Success" executed="True" />
                  <test-case description="[internal\configurations\configuration.ps1] Should not use Write-Output" name="Verifying integrity of module files.Validating PS1 Script files.[internal\configurations\configuration.ps1] Should not use Write-Output" time="0.0128" asserts="0" success="True" result="Success" executed="True" />
                  <test-case description="[internal\configurations\configuration.ps1] Should not use Write-Information" name="Verifying integrity of module files.Validating PS1 Script files.[internal\configurations\configuration.ps1] Should not use Write-Information" time="0.0129" asserts="0" success="True" result="Success" executed="True" />
                  <test-case description="[internal\configurations\configuration.ps1] Should not use Write-Debug" name="Verifying integrity of module files.Validating PS1 Script files.[internal\configurations\configuration.ps1] Should not use Write-Debug" time="0.0079" asserts="0" success="True" result="Success" executed="True" />
                  <test-case description="[internal\configurations\configuration.ps1] Should not contain aliases" name="Verifying integrity of module files.Validating PS1 Script files.[internal\configurations\configuration.ps1] Should not contain aliases" time="0.0147" asserts="0" success="True" result="Success" executed="True" />
                  <test-case description="[internal\functions\tests\Test-PSDCConfiguration.ps1] Should have no trailing space" name="Verifying integrity of module files.Validating PS1 Script files.[internal\functions\tests\Test-PSDCConfiguration.ps1] Should have no trailing space" time="0.009" asserts="0" success="True" result="Success" executed="True" />
                  <test-case description="[internal\functions\tests\Test-PSDCConfiguration.ps1] Should have no syntax errors" name="Verifying integrity of module files.Validating PS1 Script files.[internal\functions\tests\Test-PSDCConfiguration.ps1] Should have no syntax errors" time="0.0145" asserts="0" success="True" result="Success" executed="True" />
                  <test-case description="[internal\functions\tests\Test-PSDCConfiguration.ps1] Should not use Write-Host" name="Verifying integrity of module files.Validating PS1 Script files.[internal\functions\tests\Test-PSDCConfiguration.ps1] Should not use Write-Host" time="0.0159" asserts="0" success="True" result="Success" executed="True" />
                  <test-case description="[internal\functions\tests\Test-PSDCConfiguration.ps1] Should not use Write-Verbose" name="Verifying integrity of module files.Validating PS1 Script files.[internal\functions\tests\Test-PSDCConfiguration.ps1] Should not use Write-Verbose" time="0.0107" asserts="0" success="True" result="Success" executed="True" />
                  <test-case description="[internal\functions\tests\Test-PSDCConfiguration.ps1] Should not use Write-Warning" name="Verifying integrity of module files.Validating PS1 Script files.[internal\functions\tests\Test-PSDCConfiguration.ps1] Should not use Write-Warning" time="0.0161" asserts="0" success="True" result="Success" executed="True" />
                  <test-case description="[internal\functions\tests\Test-PSDCConfiguration.ps1] Should not use Write-Error" name="Verifying integrity of module files.Validating PS1 Script files.[internal\functions\tests\Test-PSDCConfiguration.ps1] Should not use Write-Error" time="0.0162" asserts="0" success="True" result="Success" executed="True" />
                  <test-case description="[internal\functions\tests\Test-PSDCConfiguration.ps1] Should not use Write-Output" name="Verifying integrity of module files.Validating PS1 Script files.[internal\functions\tests\Test-PSDCConfiguration.ps1] Should not use Write-Output" time="0.0163" asserts="0" success="True" result="Success" executed="True" />
                  <test-case description="[internal\functions\tests\Test-PSDCConfiguration.ps1] Should not use Write-Information" name="Verifying integrity of module files.Validating PS1 Script files.[internal\functions\tests\Test-PSDCConfiguration.ps1] Should not use Write-Information" time="0.0161" asserts="0" success="True" result="Success" executed="True" />
                  <test-case description="[internal\functions\tests\Test-PSDCConfiguration.ps1] Should not use Write-Debug" name="Verifying integrity of module files.Validating PS1 Script files.[internal\functions\tests\Test-PSDCConfiguration.ps1] Should not use Write-Debug" time="0.0113" asserts="0" success="True" result="Success" executed="True" />
                  <test-case description="[internal\functions\tests\Test-PSDCConfiguration.ps1] Should not contain aliases" name="Verifying integrity of module files.Validating PS1 Script files.[internal\functions\tests\Test-PSDCConfiguration.ps1] Should not contain aliases" time="0.0287" asserts="0" success="True" result="Success" executed="True" />
                  <test-case description="[internal\functions\tests\Test-PSDCElevated.ps1] Should have no trailing space" name="Verifying integrity of module files.Validating PS1 Script files.[internal\functions\tests\Test-PSDCElevated.ps1] Should have no trailing space" time="0.009" asserts="0" success="True" result="Success" executed="True" />
                  <test-case description="[internal\functions\tests\Test-PSDCElevated.ps1] Should have no syntax errors" name="Verifying integrity of module files.Validating PS1 Script files.[internal\functions\tests\Test-PSDCElevated.ps1] Should have no syntax errors" time="0.0143" asserts="0" success="True" result="Success" executed="True" />
                  <test-case description="[internal\functions\tests\Test-PSDCElevated.ps1] Should not use Write-Host" name="Verifying integrity of module files.Validating PS1 Script files.[internal\functions\tests\Test-PSDCElevated.ps1] Should not use Write-Host" time="0.0085" asserts="0" success="True" result="Success" executed="True" />
                  <test-case description="[internal\functions\tests\Test-PSDCElevated.ps1] Should not use Write-Verbose" name="Verifying integrity of module files.Validating PS1 Script files.[internal\functions\tests\Test-PSDCElevated.ps1] Should not use Write-Verbose" time="0.0137" asserts="0" success="True" result="Success" executed="True" />
                  <test-case description="[internal\functions\tests\Test-PSDCElevated.ps1] Should not use Write-Warning" name="Verifying integrity of module files.Validating PS1 Script files.[internal\functions\tests\Test-PSDCElevated.ps1] Should not use Write-Warning" time="0.0135" asserts="0" success="True" result="Success" executed="True" />
                  <test-case description="[internal\functions\tests\Test-PSDCElevated.ps1] Should not use Write-Error" name="Verifying integrity of module files.Validating PS1 Script files.[internal\functions\tests\Test-PSDCElevated.ps1] Should not use Write-Error" time="0.0084" asserts="0" success="True" result="Success" executed="True" />
                  <test-case description="[internal\functions\tests\Test-PSDCElevated.ps1] Should not use Write-Output" name="Verifying integrity of module files.Validating PS1 Script files.[internal\functions\tests\Test-PSDCElevated.ps1] Should not use Write-Output" time="0.0136" asserts="0" success="True" result="Success" executed="True" />
                  <test-case description="[internal\functions\tests\Test-PSDCElevated.ps1] Should not use Write-Information" name="Verifying integrity of module files.Validating PS1 Script files.[internal\functions\tests\Test-PSDCElevated.ps1] Should not use Write-Information" time="0.0085" asserts="0" success="True" result="Success" executed="True" />
                  <test-case description="[internal\functions\tests\Test-PSDCElevated.ps1] Should not use Write-Debug" name="Verifying integrity of module files.Validating PS1 Script files.[internal\functions\tests\Test-PSDCElevated.ps1] Should not use Write-Debug" time="0.0136" asserts="0" success="True" result="Success" executed="True" />
                  <test-case description="[internal\functions\tests\Test-PSDCElevated.ps1] Should not contain aliases" name="Verifying integrity of module files.Validating PS1 Script files.[internal\functions\tests\Test-PSDCElevated.ps1] Should not contain aliases" time="0.0145" asserts="0" success="True" result="Success" executed="True" />
                  <test-case description="[internal\scripts\license.ps1] Should have no trailing space" name="Verifying integrity of module files.Validating PS1 Script files.[internal\scripts\license.ps1] Should have no trailing space" time="0.0093" asserts="0" success="True" result="Success" executed="True" />
                  <test-case description="[internal\scripts\license.ps1] Should have no syntax errors" name="Verifying integrity of module files.Validating PS1 Script files.[internal\scripts\license.ps1] Should have no syntax errors" time="0.0154" asserts="0" success="True" result="Success" executed="True" />
                  <test-case description="[internal\scripts\license.ps1] Should not use Write-Host" name="Verifying integrity of module files.Validating PS1 Script files.[internal\scripts\license.ps1] Should not use Write-Host" time="0.0084" asserts="0" success="True" result="Success" executed="True" />
                  <test-case description="[internal\scripts\license.ps1] Should not use Write-Verbose" name="Verifying integrity of module files.Validating PS1 Script files.[internal\scripts\license.ps1] Should not use Write-Verbose" time="0.0135" asserts="0" success="True" result="Success" executed="True" />
                  <test-case description="[internal\scripts\license.ps1] Should not use Write-Warning" name="Verifying integrity of module files.Validating PS1 Script files.[internal\scripts\license.ps1] Should not use Write-Warning" time="0.0135" asserts="0" success="True" result="Success" executed="True" />
                  <test-case description="[internal\scripts\license.ps1] Should not use Write-Error" name="Verifying integrity of module files.Validating PS1 Script files.[internal\scripts\license.ps1] Should not use Write-Error" time="0.0084" asserts="0" success="True" result="Success" executed="True" />
                  <test-case description="[internal\scripts\license.ps1] Should not use Write-Output" name="Verifying integrity of module files.Validating PS1 Script files.[internal\scripts\license.ps1] Should not use Write-Output" time="0.0142" asserts="0" success="True" result="Success" executed="True" />
                  <test-case description="[internal\scripts\license.ps1] Should not use Write-Information" name="Verifying integrity of module files.Validating PS1 Script files.[internal\scripts\license.ps1] Should not use Write-Information" time="0.0079" asserts="0" success="True" result="Success" executed="True" />
                  <test-case description="[internal\scripts\license.ps1] Should not use Write-Debug" name="Verifying integrity of module files.Validating PS1 Script files.[internal\scripts\license.ps1] Should not use Write-Debug" time="0.0127" asserts="0" success="True" result="Success" executed="True" />
                  <test-case description="[internal\scripts\license.ps1] Should not contain aliases" name="Verifying integrity of module files.Validating PS1 Script files.[internal\scripts\license.ps1] Should not contain aliases" time="0.0139" asserts="0" success="True" result="Success" executed="True" />
                  <test-case description="[internal\scripts\postimport.ps1] Should have no trailing space" name="Verifying integrity of module files.Validating PS1 Script files.[internal\scripts\postimport.ps1] Should have no trailing space" time="0.0088" asserts="0" success="True" result="Success" executed="True" />
                  <test-case description="[internal\scripts\postimport.ps1] Should have no syntax errors" name="Verifying integrity of module files.Validating PS1 Script files.[internal\scripts\postimport.ps1] Should have no syntax errors" time="0.0145" asserts="0" success="True" result="Success" executed="True" />
                  <test-case description="[internal\scripts\postimport.ps1] Should not use Write-Host" name="Verifying integrity of module files.Validating PS1 Script files.[internal\scripts\postimport.ps1] Should not use Write-Host" time="0.0111" asserts="0" success="True" result="Success" executed="True" />
                  <test-case description="[internal\scripts\postimport.ps1] Should not use Write-Verbose" name="Verifying integrity of module files.Validating PS1 Script files.[internal\scripts\postimport.ps1] Should not use Write-Verbose" time="0.0163" asserts="0" success="True" result="Success" executed="True" />
                  <test-case description="[internal\scripts\postimport.ps1] Should not use Write-Warning" name="Verifying integrity of module files.Validating PS1 Script files.[internal\scripts\postimport.ps1] Should not use Write-Warning" time="0.0162" asserts="0" success="True" result="Success" executed="True" />
                  <test-case description="[internal\scripts\postimport.ps1] Should not use Write-Error" name="Verifying integrity of module files.Validating PS1 Script files.[internal\scripts\postimport.ps1] Should not use Write-Error" time="0.0164" asserts="0" success="True" result="Success" executed="True" />
                  <test-case description="[internal\scripts\postimport.ps1] Should not use Write-Output" name="Verifying integrity of module files.Validating PS1 Script files.[internal\scripts\postimport.ps1] Should not use Write-Output" time="0.0162" asserts="0" success="True" result="Success" executed="True" />
                  <test-case description="[internal\scripts\postimport.ps1] Should not use Write-Information" name="Verifying integrity of module files.Validating PS1 Script files.[internal\scripts\postimport.ps1] Should not use Write-Information" time="0.0162" asserts="0" success="True" result="Success" executed="True" />
                  <test-case description="[internal\scripts\postimport.ps1] Should not use Write-Debug" name="Verifying integrity of module files.Validating PS1 Script files.[internal\scripts\postimport.ps1] Should not use Write-Debug" time="0.0162" asserts="0" success="True" result="Success" executed="True" />
                  <test-case description="[internal\scripts\postimport.ps1] Should not contain aliases" name="Verifying integrity of module files.Validating PS1 Script files.[internal\scripts\postimport.ps1] Should not contain aliases" time="0.0224" asserts="0" success="True" result="Success" executed="True" />
                  <test-case description="[internal\scripts\preimport.ps1] Should have no trailing space" name="Verifying integrity of module files.Validating PS1 Script files.[internal\scripts\preimport.ps1] Should have no trailing space" time="0.0139" asserts="0" success="True" result="Success" executed="True" />
                  <test-case description="[internal\scripts\preimport.ps1] Should have no syntax errors" name="Verifying integrity of module files.Validating PS1 Script files.[internal\scripts\preimport.ps1] Should have no syntax errors" time="0.0091" asserts="0" success="True" result="Success" executed="True" />
                  <test-case description="[internal\scripts\preimport.ps1] Should not use Write-Host" name="Verifying integrity of module files.Validating PS1 Script files.[internal\scripts\preimport.ps1] Should not use Write-Host" time="0.0143" asserts="0" success="True" result="Success" executed="True" />
                  <test-case description="[internal\scripts\preimport.ps1] Should not use Write-Verbose" name="Verifying integrity of module files.Validating PS1 Script files.[internal\scripts\preimport.ps1] Should not use Write-Verbose" time="0.0148" asserts="0" success="True" result="Success" executed="True" />
                  <test-case description="[internal\scripts\preimport.ps1] Should not use Write-Warning" name="Verifying integrity of module files.Validating PS1 Script files.[internal\scripts\preimport.ps1] Should not use Write-Warning" time="0.0087" asserts="0" success="True" result="Success" executed="True" />
                  <test-case description="[internal\scripts\preimport.ps1] Should not use Write-Error" name="Verifying integrity of module files.Validating PS1 Script files.[internal\scripts\preimport.ps1] Should not use Write-Error" time="0.0153" asserts="0" success="True" result="Success" executed="True" />
                  <test-case description="[internal\scripts\preimport.ps1] Should not use Write-Output" name="Verifying integrity of module files.Validating PS1 Script files.[internal\scripts\preimport.ps1] Should not use Write-Output" time="0.0088" asserts="0" success="True" result="Success" executed="True" />
                  <test-case description="[internal\scripts\preimport.ps1] Should not use Write-Information" name="Verifying integrity of module files.Validating PS1 Script files.[internal\scripts\preimport.ps1] Should not use Write-Information" time="0.0139" asserts="0" success="True" result="Success" executed="True" />
                  <test-case description="[internal\scripts\preimport.ps1] Should not use Write-Debug" name="Verifying integrity of module files.Validating PS1 Script files.[internal\scripts\preimport.ps1] Should not use Write-Debug" time="0.0139" asserts="0" success="True" result="Success" executed="True" />
                  <test-case description="[internal\scripts\preimport.ps1] Should not contain aliases" name="Verifying integrity of module files.Validating PS1 Script files.[internal\scripts\preimport.ps1] Should not contain aliases" time="0.0107" asserts="0" success="True" result="Success" executed="True" />
                  <test-case description="[internal\tepp\assignment.ps1] Should have no trailing space" name="Verifying integrity of module files.Validating PS1 Script files.[internal\tepp\assignment.ps1] Should have no trailing space" time="0.0133" asserts="0" success="True" result="Success" executed="True" />
                  <test-case description="[internal\tepp\assignment.ps1] Should have no syntax errors" name="Verifying integrity of module files.Validating PS1 Script files.[internal\tepp\assignment.ps1] Should have no syntax errors" time="0.0137" asserts="0" success="True" result="Success" executed="True" />
                  <test-case description="[internal\tepp\assignment.ps1] Should not use Write-Host" name="Verifying integrity of module files.Validating PS1 Script files.[internal\tepp\assignment.ps1] Should not use Write-Host" time="0.0074" asserts="0" success="True" result="Success" executed="True" />
                  <test-case description="[internal\tepp\assignment.ps1] Should not use Write-Verbose" name="Verifying integrity of module files.Validating PS1 Script files.[internal\tepp\assignment.ps1] Should not use Write-Verbose" time="0.0122" asserts="0" success="True" result="Success" executed="True" />
                  <test-case description="[internal\tepp\assignment.ps1] Should not use Write-Warning" name="Verifying integrity of module files.Validating PS1 Script files.[internal\tepp\assignment.ps1] Should not use Write-Warning" time="0.0074" asserts="0" success="True" result="Success" executed="True" />
                  <test-case description="[internal\tepp\assignment.ps1] Should not use Write-Error" name="Verifying integrity of module files.Validating PS1 Script files.[internal\tepp\assignment.ps1] Should not use Write-Error" time="0.0122" asserts="0" success="True" result="Success" executed="True" />
                  <test-case description="[internal\tepp\assignment.ps1] Should not use Write-Output" name="Verifying integrity of module files.Validating PS1 Script files.[internal\tepp\assignment.ps1] Should not use Write-Output" time="0.0074" asserts="0" success="True" result="Success" executed="True" />
                  <test-case description="[internal\tepp\assignment.ps1] Should not use Write-Information" name="Verifying integrity of module files.Validating PS1 Script files.[internal\tepp\assignment.ps1] Should not use Write-Information" time="0.0123" asserts="0" success="True" result="Success" executed="True" />
                  <test-case description="[internal\tepp\assignment.ps1] Should not use Write-Debug" name="Verifying integrity of module files.Validating PS1 Script files.[internal\tepp\assignment.ps1] Should not use Write-Debug" time="0.0122" asserts="0" success="True" result="Success" executed="True" />
                  <test-case description="[internal\tepp\assignment.ps1] Should not contain aliases" name="Verifying integrity of module files.Validating PS1 Script files.[internal\tepp\assignment.ps1] Should not contain aliases" time="0.0082" asserts="0" success="True" result="Success" executed="True" />
                  <test-case description="[internal\tepp\example.tepp.ps1] Should have no trailing space" name="Verifying integrity of module files.Validating PS1 Script files.[internal\tepp\example.tepp.ps1] Should have no trailing space" time="0.0135" asserts="0" success="True" result="Success" executed="True" />
                  <test-case description="[internal\tepp\example.tepp.ps1] Should have no syntax errors" name="Verifying integrity of module files.Validating PS1 Script files.[internal\tepp\example.tepp.ps1] Should have no syntax errors" time="0.0089" asserts="0" success="True" result="Success" executed="True" />
                  <test-case description="[internal\tepp\example.tepp.ps1] Should not use Write-Host" name="Verifying integrity of module files.Validating PS1 Script files.[internal\tepp\example.tepp.ps1] Should not use Write-Host" time="0.0124" asserts="0" success="True" result="Success" executed="True" />
                  <test-case description="[internal\tepp\example.tepp.ps1] Should not use Write-Verbose" name="Verifying integrity of module files.Validating PS1 Script files.[internal\tepp\example.tepp.ps1] Should not use Write-Verbose" time="0.0075" asserts="0" success="True" result="Success" executed="True" />
                  <test-case description="[internal\tepp\example.tepp.ps1] Should not use Write-Warning" name="Verifying integrity of module files.Validating PS1 Script files.[internal\tepp\example.tepp.ps1] Should not use Write-Warning" time="0.0122" asserts="0" success="True" result="Success" executed="True" />
                  <test-case description="[internal\tepp\example.tepp.ps1] Should not use Write-Error" name="Verifying integrity of module files.Validating PS1 Script files.[internal\tepp\example.tepp.ps1] Should not use Write-Error" time="0.0074" asserts="0" success="True" result="Success" executed="True" />
                  <test-case description="[internal\tepp\example.tepp.ps1] Should not use Write-Output" name="Verifying integrity of module files.Validating PS1 Script files.[internal\tepp\example.tepp.ps1] Should not use Write-Output" time="0.0122" asserts="0" success="True" result="Success" executed="True" />
                  <test-case description="[internal\tepp\example.tepp.ps1] Should not use Write-Information" name="Verifying integrity of module files.Validating PS1 Script files.[internal\tepp\example.tepp.ps1] Should not use Write-Information" time="0.0125" asserts="0" success="True" result="Success" executed="True" />
                  <test-case description="[internal\tepp\example.tepp.ps1] Should not use Write-Debug" name="Verifying integrity of module files.Validating PS1 Script files.[internal\tepp\example.tepp.ps1] Should not use Write-Debug" time="0.0075" asserts="0" success="True" result="Success" executed="True" />
                  <test-case description="[internal\tepp\example.tepp.ps1] Should not contain aliases" name="Verifying integrity of module files.Validating PS1 Script files.[internal\tepp\example.tepp.ps1] Should not contain aliases" time="0.0138" asserts="0" success="True" result="Success" executed="True" />
                  <test-case description="[xml\PSDatabaseClone.Format.ps1xml] Should have no trailing space" name="Verifying integrity of module files.Validating PS1 Script files.[xml\PSDatabaseClone.Format.ps1xml] Should have no trailing space" time="0.0088" asserts="0" success="True" result="Success" executed="True" />
                  <test-case description="[xml\PSDatabaseClone.Format.ps1xml] Should have no syntax errors" name="Verifying integrity of module files.Validating PS1 Script files.[xml\PSDatabaseClone.Format.ps1xml] Should have no syntax errors" time="0.0142" asserts="0" success="True" result="Success" executed="True" />
                  <test-case description="[xml\PSDatabaseClone.Format.ps1xml] Should not use Write-Host" name="Verifying integrity of module files.Validating PS1 Script files.[xml\PSDatabaseClone.Format.ps1xml] Should not use Write-Host" time="0.0149" asserts="0" success="True" result="Success" executed="True" />
                  <test-case description="[xml\PSDatabaseClone.Format.ps1xml] Should not use Write-Verbose" name="Verifying integrity of module files.Validating PS1 Script files.[xml\PSDatabaseClone.Format.ps1xml] Should not use Write-Verbose" time="0.0154" asserts="0" success="True" result="Success" executed="True" />
                  <test-case description="[xml\PSDatabaseClone.Format.ps1xml] Should not use Write-Warning" name="Verifying integrity of module files.Validating PS1 Script files.[xml\PSDatabaseClone.Format.ps1xml] Should not use Write-Warning" time="0.009" asserts="0" success="True" result="Success" executed="True" />
                  <test-case description="[xml\PSDatabaseClone.Format.ps1xml] Should not use Write-Error" name="Verifying integrity of module files.Validating PS1 Script files.[xml\PSDatabaseClone.Format.ps1xml] Should not use Write-Error" time="0.0088" asserts="0" success="True" result="Success" executed="True" />
                  <test-case description="[xml\PSDatabaseClone.Format.ps1xml] Should not use Write-Output" name="Verifying integrity of module files.Validating PS1 Script files.[xml\PSDatabaseClone.Format.ps1xml] Should not use Write-Output" time="0.0151" asserts="0" success="True" result="Success" executed="True" />
                  <test-case description="[xml\PSDatabaseClone.Format.ps1xml] Should not use Write-Information" name="Verifying integrity of module files.Validating PS1 Script files.[xml\PSDatabaseClone.Format.ps1xml] Should not use Write-Information" time="0.015" asserts="0" success="True" result="Success" executed="True" />
                  <test-case description="[xml\PSDatabaseClone.Format.ps1xml] Should not use Write-Debug" name="Verifying integrity of module files.Validating PS1 Script files.[xml\PSDatabaseClone.Format.ps1xml] Should not use Write-Debug" time="0.0148" asserts="0" success="True" result="Success" executed="True" />
                  <test-case description="[xml\PSDatabaseClone.Format.ps1xml] Should not contain aliases" name="Verifying integrity of module files.Validating PS1 Script files.[xml\PSDatabaseClone.Format.ps1xml] Should not contain aliases" time="0.0164" asserts="0" success="True" result="Success" executed="True" />
                  <test-case description="[xml\PSDatabaseClone.Types.ps1xml] Should have no trailing space" name="Verifying integrity of module files.Validating PS1 Script files.[xml\PSDatabaseClone.Types.ps1xml] Should have no trailing space" time="0.0086" asserts="0" success="True" result="Success" executed="True" />
                  <test-case description="[xml\PSDatabaseClone.Types.ps1xml] Should have no syntax errors" name="Verifying integrity of module files.Validating PS1 Script files.[xml\PSDatabaseClone.Types.ps1xml] Should have no syntax errors" time="0.0089" asserts="0" success="True" result="Success" executed="True" />
                  <test-case description="[xml\PSDatabaseClone.Types.ps1xml] Should not use Write-Host" name="Verifying integrity of module files.Validating PS1 Script files.[xml\PSDatabaseClone.Types.ps1xml] Should not use Write-Host" time="0.0151" asserts="0" success="True" result="Success" executed="True" />
                  <test-case description="[xml\PSDatabaseClone.Types.ps1xml] Should not use Write-Verbose" name="Verifying integrity of module files.Validating PS1 Script files.[xml\PSDatabaseClone.Types.ps1xml] Should not use Write-Verbose" time="0.0092" asserts="0" success="True" result="Success" executed="True" />
                  <test-case description="[xml\PSDatabaseClone.Types.ps1xml] Should not use Write-Warning" name="Verifying integrity of module files.Validating PS1 Script files.[xml\PSDatabaseClone.Types.ps1xml] Should not use Write-Warning" time="0.0142" asserts="0" success="True" result="Success" executed="True" />
                  <test-case description="[xml\PSDatabaseClone.Types.ps1xml] Should not use Write-Error" name="Verifying integrity of module files.Validating PS1 Script files.[xml\PSDatabaseClone.Types.ps1xml] Should not use Write-Error" time="0.0148" asserts="0" success="True" result="Success" executed="True" />
                  <test-case description="[xml\PSDatabaseClone.Types.ps1xml] Should not use Write-Output" name="Verifying integrity of module files.Validating PS1 Script files.[xml\PSDatabaseClone.Types.ps1xml] Should not use Write-Output" time="0.0144" asserts="0" success="True" result="Success" executed="True" />
                  <test-case description="[xml\PSDatabaseClone.Types.ps1xml] Should not use Write-Information" name="Verifying integrity of module files.Validating PS1 Script files.[xml\PSDatabaseClone.Types.ps1xml] Should not use Write-Information" time="0.0091" asserts="0" success="True" result="Success" executed="True" />
                  <test-case description="[xml\PSDatabaseClone.Types.ps1xml] Should not use Write-Debug" name="Verifying integrity of module files.Validating PS1 Script files.[xml\PSDatabaseClone.Types.ps1xml] Should not use Write-Debug" time="0.0145" asserts="0" success="True" result="Success" executed="True" />
                  <test-case description="[xml\PSDatabaseClone.Types.ps1xml] Should not contain aliases" name="Verifying integrity of module files.Validating PS1 Script files.[xml\PSDatabaseClone.Types.ps1xml] Should not contain aliases" time="0.0166" asserts="0" success="True" result="Success" executed="True" />
                </results>
              </test-suite>
              <test-suite type="TestFixture" name="Validating help.txt help files" executed="True" result="Success" success="True" time="0.0608" asserts="0" description="Validating help.txt help files">
                <results>
                  <test-case description="[en-us\about_PSDatabaseClone.help.txt] Should have no trailing space" name="Verifying integrity of module files.Validating help.txt help files.[en-us\about_PSDatabaseClone.help.txt] Should have no trailing space" time="0.0608" asserts="0" success="True" result="Success" executed="True" />
                </results>
              </test-suite>
            </results>
          </test-suite>
        </results>
      </test-suite>
    </results>
  </test-suite>
</test-results>